{"session":"d58f1b505daf","build":"182.5107.16.33.5264788","bucket":"-1","time":1553039613538,"group":{"id":"ui.dialogs","version":"2"},"event":{"count":1,"data":{"type":"show"},"id":"com.intellij.openapi.progress.util.ProgressDialog$MyDialogWrapper"}}
{"session":"d58f1b505daf","build":"182.5107.16.33.5264788","bucket":"-1","time":1553039613788,"group":{"id":"lifecycle","version":"2"},"event":{"count":1,"data":{"durationSeconds":23},"id":"ide.freeze"}}
{"session":"d58f1b505daf","build":"182.5107.16.33.5264788","bucket":"-1","time":1553039622621,"group":{"id":"ui.dialogs","version":"2"},"event":{"count":1,"data":{"code":1,"type":"close"},"id":"com.intellij.openapi.progress.util.ProgressDialog$MyDialogWrapper"}}
{"session":"d58f1b505daf","build":"182.5107.16.33.5264788","bucket":"-1","time":1553039622779,"group":{"id":"lifecycle","version":"2"},"event":{"count":1,"data":{},"id":"project.opened"}}
{"session":"d58f1b505daf","build":"182.5107.16.33.5264788","bucket":"-1","time":1553039628495,"group":{"id":"ui.dialogs","version":"2"},"event":{"count":1,"data":{"type":"show"},"id":"com.intellij.openapi.progress.util.ProgressDialog$MyDialogWrapper"}}
{"session":"d58f1b505daf","build":"182.5107.16.33.5264788","bucket":"-1","time":1553039629088,"group":{"id":"lifecycle","version":"2"},"event":{"count":1,"data":{"durationSeconds":7},"id":"ide.freeze"}}
{"session":"d58f1b505daf","build":"182.5107.16.33.5264788","bucket":"-1","time":1553039629838,"group":{"id":"toolwindow","version":"2"},"event":{"count":1,"data":{},"id":"Assistant_by_Activation"}}
{"session":"d58f1b505daf","build":"182.5107.16.33.5264788","bucket":"-1","time":1553039652619,"group":{"id":"lifecycle","version":"2"},"event":{"count":1,"data":{},"id":"ideaapp.started"}}
{"session":"d58f1b505daf","build":"182.5107.16.33.5264788","bucket":"-1","time":1553039652619,"group":{"id":"lifecycle","version":"2"},"event":{"count":1,"data":{},"id":"app.started"}}
{"session":"d58f1b505daf","build":"182.5107.16.33.5264788","bucket":"-1","time":1553039657579,"group":{"id":"ui.dialogs","version":"2"},"event":{"count":1,"data":{"code":1,"type":"close"},"id":"com.intellij.openapi.progress.util.ProgressDialog$MyDialogWrapper"}}
{"session":"d58f1b505daf","build":"182.5107.16.33.5264788","bucket":"-1","time":1553039657657,"group":{"id":"lifecycle","version":"2"},"event":{"count":1,"data":{"time.ms":44842},"id":"project.opening.finished"}}
{"session":"d58f1b505daf","build":"182.5107.16.33.5264788","bucket":"-1","time":1553039660413,"group":{"id":"lifecycle","version":"2"},"event":{"count":1,"data":{"durationSeconds":22},"id":"ide.freeze"}}
{"session":"d58f1b505daf","build":"182.5107.16.33.5264788","bucket":"-1","time":1553039727512,"group":{"id":"actions","version":"2"},"event":{"count":1,"data":{},"id":"Android.RunAndroidAvdManager"}}
{"session":"d58f1b505daf","build":"182.5107.16.33.5264788","bucket":"-1","time":1553039736750,"group":{"id":"ui.dialogs","version":"2"},"event":{"count":1,"data":{"type":"show"},"id":"com.android.tools.idea.wizard.model.ModelWizardDialog"}}
{"session":"d58f1b505daf","build":"182.5107.16.33.5264788","bucket":"-1","time":1553039757941,"group":{"id":"ui.dialogs","version":"2"},"event":{"count":1,"data":{"type":"show"},"id":"com.intellij.openapi.progress.util.ProgressDialog$MyDialogWrapper"}}
{"session":"d58f1b505daf","build":"182.5107.16.33.5264788","bucket":"-1","time":1553039786578,"group":{"id":"ui.dialogs","version":"2"},"event":{"count":1,"data":{"code":1,"type":"close"},"id":"com.intellij.openapi.progress.util.ProgressDialog$MyDialogWrapper"}}
{"session":"d58f1b505daf","build":"182.5107.16.33.5264788","bucket":"-1","time":1553039787109,"group":{"id":"ui.dialogs","version":"2"},"event":{"count":1,"data":{"code":0,"type":"close"},"id":"com.android.tools.idea.wizard.model.ModelWizardDialog"}}
{"session":"d58f1b505daf","build":"182.5107.16.33.5264788","bucket":"-1","time":1553039824204,"group":{"id":"actions","version":"2"},"event":{"count":1,"data":{},"id":"HideAllWindows"}}
{"session":"d58f1b505daf","build":"182.5107.16.33.5264788","bucket":"-1","time":1553039828516,"group":{"id":"toolwindow","version":"2"},"event":{"count":1,"data":{},"id":"Project_by_Activation"}}
{"session":"d58f1b505daf","build":"182.5107.16.33.5264788","bucket":"-1","time":1553039892786,"group":{"id":"system.os.name","version":"2"},"event":{"data":{},"id":"Windows"}}
{"session":"d58f1b505daf","build":"182.5107.16.33.5264788","bucket":"-1","time":1553039892786,"group":{"id":"system.os.version","version":"2"},"event":{"data":{},"id":"10.0"}}
{"session":"d58f1b505daf","build":"182.5107.16.33.5264788","bucket":"-1","time":1553039892786,"group":{"id":"system.jvm.vendor","version":"2"},"event":{"data":{},"id":"JetBrains_s.r.o"}}
{"session":"d58f1b505daf","build":"182.5107.16.33.5264788","bucket":"-1","time":1553039892786,"group":{"id":"system.jvm.version","version":"2"},"event":{"data":{},"id":"1.8"}}
{"session":"d58f1b505daf","build":"182.5107.16.33.5264788","bucket":"-1","time":1553039900373,"group":{"id":"lifecycle","version":"2"},"event":{"count":1,"data":{"durationSeconds":7},"id":"ide.freeze"}}
{"session":"d58f1b505daf","build":"182.5107.16.33.5264788","bucket":"-1","time":1553039976716,"group":{"id":"toolwindow","version":"2"},"event":{"count":1,"data":{},"id":"Build_by_Activation"}}
{"session":"d58f1b505daf","build":"182.5107.16.33.5264788","bucket":"-1","time":1553040026399,"group":{"id":"ui.dialogs","version":"2"},"event":{"count":1,"data":{"type":"show"},"id":"com.android.tools.idea.gradle.project.sync.setup.post.upgrade.RecommendedPluginVersionUpgradeDialog"}}
{"session":"d58f1b505daf","build":"182.5107.16.33.5264788","bucket":"-1","time":1553040045679,"group":{"id":"ui.dialogs","version":"2"},"event":{"count":1,"data":{"code":0,"type":"close"},"id":"com.android.tools.idea.gradle.project.sync.setup.post.upgrade.RecommendedPluginVersionUpgradeDialog"}}
{"session":"d58f1b505daf","build":"182.5107.16.33.5264788","bucket":"-1","time":1553040055453,"group":{"id":"lifecycle","version":"2"},"event":{"count":1,"data":{"durationSeconds":10},"id":"ide.freeze"}}
{"session":"d58f1b505daf","build":"182.5107.16.33.5264788","bucket":"-1","time":1553040134361,"group":{"id":"actions","version":"2"},"event":{"count":1,"data":{},"id":"EditorRight"}}
{"session":"d58f1b505daf","build":"182.5107.16.33.5264788","bucket":"-1","time":1553040236485,"group":{"id":"actions","version":"2"},"event":{"count":1,"data":{},"id":"Android.RunAndroidSdkManager"}}
{"session":"d58f1b505daf","build":"182.5107.16.33.5264788","bucket":"-1","time":1553040239172,"group":{"id":"ui.dialogs","version":"2"},"event":{"count":1,"data":{"type":"show"},"id":"com.intellij.openapi.options.newEditor.SettingsDialog"}}
{"session":"d58f1b505daf","build":"182.5107.16.33.5264788","bucket":"-1","time":1553040239704,"group":{"id":"ui.settings","version":"2"},"event":{"count":1,"data":{"type":"select"},"id":"ide.settings.Android_SDK"}}
{"session":"d58f1b505daf","build":"182.5107.16.33.5264788","bucket":"-1","time":1553040299856,"group":{"id":"ui.settings","version":"2"},"event":{"count":1,"data":{"type":"select"},"id":"ide.settings.Updates"}}
{"session":"d58f1b505daf","build":"182.5107.16.33.5264788","bucket":"-1","time":1553040302200,"group":{"id":"ui.dialogs","version":"2"},"event":{"count":1,"data":{"code":0,"type":"close"},"id":"com.intellij.openapi.options.newEditor.SettingsDialog"}}
{"session":"d58f1b505daf","build":"182.5107.16.33.5264788","bucket":"-1","time":1553040908400,"group":{"id":"actions","version":"2"},"event":{"count":1,"data":{},"id":"Android.RunAndroidAvdManager"}}
{"session":"d58f1b505daf","build":"182.5107.16.33.5264788","bucket":"-1","time":1553041067953,"group":{"id":"ui.dialogs","version":"2"},"event":{"count":2,"data":{"type":"show"},"id":"com.intellij.openapi.ui.messages.MessageDialog"}}
