{"session":"6bc7796798bb","build":"182.5107.16.33.5264788","bucket":"-1","time":1553055538752,"group":{"id":"lifecycle","version":"2"},"event":{"count":1,"data":{"durationSeconds":12},"id":"ide.freeze"}}
{"session":"6bc7796798bb","build":"182.5107.16.33.5264788","bucket":"-1","time":1553055538814,"group":{"id":"ui.dialogs","version":"2"},"event":{"count":1,"data":{"type":"show"},"id":"com.intellij.openapi.progress.util.ProgressDialog$MyDialogWrapper"}}
{"session":"6bc7796798bb","build":"182.5107.16.33.5264788","bucket":"-1","time":1553055544783,"group":{"id":"ui.dialogs","version":"2"},"event":{"count":1,"data":{"code":1,"type":"close"},"id":"com.intellij.openapi.progress.util.ProgressDialog$MyDialogWrapper"}}
{"session":"6bc7796798bb","build":"182.5107.16.33.5264788","bucket":"-1","time":1553055544846,"group":{"id":"lifecycle","version":"2"},"event":{"count":1,"data":{},"id":"project.opened"}}
{"session":"6bc7796798bb","build":"182.5107.16.33.5264788","bucket":"-1","time":1553055549158,"group":{"id":"ui.dialogs","version":"2"},"event":{"count":1,"data":{"type":"show"},"id":"com.intellij.openapi.progress.util.ProgressDialog$MyDialogWrapper"}}
{"session":"6bc7796798bb","build":"182.5107.16.33.5264788","bucket":"-1","time":1553055554815,"group":{"id":"ui.dialogs","version":"2"},"event":{"count":1,"data":{"code":1,"type":"close"},"id":"com.intellij.openapi.progress.util.ProgressDialog$MyDialogWrapper"}}
{"session":"6bc7796798bb","build":"182.5107.16.33.5264788","bucket":"-1","time":1553055554987,"group":{"id":"ui.dialogs","version":"2"},"event":{"count":1,"data":{"type":"show"},"id":"com.intellij.ide.util.TipDialog"}}
{"session":"6bc7796798bb","build":"182.5107.16.33.5264788","bucket":"-1","time":1553055556038,"group":{"id":"lifecycle","version":"2"},"event":{"count":1,"data":{},"id":"project.opened"}}
{"session":"6bc7796798bb","build":"182.5107.16.33.5264788","bucket":"-1","time":1553055556491,"group":{"id":"ui.dialogs","version":"2"},"event":{"count":1,"data":{"type":"show"},"id":"com.intellij.openapi.progress.util.ProgressDialog$MyDialogWrapper"}}
{"session":"6bc7796798bb","build":"182.5107.16.33.5264788","bucket":"-1","time":1553055557210,"group":{"id":"ui.dialogs","version":"2"},"event":{"count":1,"data":{"code":1,"type":"close"},"id":"com.intellij.openapi.progress.util.ProgressDialog$MyDialogWrapper"}}
{"session":"6bc7796798bb","build":"182.5107.16.33.5264788","bucket":"-1","time":1553055557272,"group":{"id":"lifecycle","version":"2"},"event":{"count":1,"data":{},"id":"ideaapp.started"}}
{"session":"6bc7796798bb","build":"182.5107.16.33.5264788","bucket":"-1","time":1553055557288,"group":{"id":"lifecycle","version":"2"},"event":{"count":1,"data":{},"id":"app.started"}}
{"session":"6bc7796798bb","build":"182.5107.16.33.5264788","bucket":"-1","time":1553055558241,"group":{"id":"lifecycle","version":"2"},"event":{"count":1,"data":{"mappingFailed":false,"oom":false},"id":"ide.error"}}
{"session":"6bc7796798bb","build":"182.5107.16.33.5264788","bucket":"-1","time":1553055558351,"group":{"id":"lifecycle","version":"2"},"event":{"count":1,"data":{"time.ms":20124},"id":"project.opening.finished"}}
{"session":"6bc7796798bb","build":"182.5107.16.33.5264788","bucket":"-1","time":1553055558351,"group":{"id":"lifecycle","version":"2"},"event":{"count":1,"data":{"time.ms":3582},"id":"project.opening.finished"}}
{"session":"6bc7796798bb","build":"182.5107.16.33.5264788","bucket":"-1","time":1553055598445,"group":{"id":"system.os.name","version":"2"},"event":{"data":{},"id":"Windows"}}
{"session":"6bc7796798bb","build":"182.5107.16.33.5264788","bucket":"-1","time":1553055598445,"group":{"id":"system.os.version","version":"2"},"event":{"data":{},"id":"10.0"}}
{"session":"6bc7796798bb","build":"182.5107.16.33.5264788","bucket":"-1","time":1553055598445,"group":{"id":"system.jvm.vendor","version":"2"},"event":{"data":{},"id":"JetBrains_s.r.o"}}
{"session":"6bc7796798bb","build":"182.5107.16.33.5264788","bucket":"-1","time":1553055598445,"group":{"id":"system.jvm.version","version":"2"},"event":{"data":{},"id":"1.8"}}
{"session":"6bc7796798bb","build":"182.5107.16.33.5264788","bucket":"-1","time":1553055601039,"group":{"id":"toolwindow","version":"2"},"event":{"count":1,"data":{},"id":"Preview_by_Activation"}}
{"session":"6bc7796798bb","build":"182.5107.16.33.5264788","bucket":"-1","time":1553055762929,"group":{"id":"system.os.name","version":"2"},"event":{"data":{},"id":"Windows"}}
{"session":"6bc7796798bb","build":"182.5107.16.33.5264788","bucket":"-1","time":1553055762929,"group":{"id":"system.os.version","version":"2"},"event":{"data":{},"id":"10.0"}}
{"session":"6bc7796798bb","build":"182.5107.16.33.5264788","bucket":"-1","time":1553055762929,"group":{"id":"system.jvm.vendor","version":"2"},"event":{"data":{},"id":"JetBrains_s.r.o"}}
{"session":"6bc7796798bb","build":"182.5107.16.33.5264788","bucket":"-1","time":1553055762929,"group":{"id":"system.jvm.version","version":"2"},"event":{"data":{},"id":"1.8"}}
{"session":"6bc7796798bb","build":"182.5107.16.33.5264788","bucket":"-1","time":1553055767523,"group":{"id":"toolwindow","version":"2"},"event":{"count":1,"data":{},"id":"Build_by_Activation"}}
{"session":"6bc7796798bb","build":"182.5107.16.33.5264788","bucket":"-1","time":1553055769383,"group":{"id":"toolwindow","version":"2"},"event":{"count":1,"data":{},"id":"Preview_by_Activation"}}
{"session":"6bc7796798bb","build":"182.5107.16.33.5264788","bucket":"-1","time":1553055800514,"group":{"id":"trigger","version":"2"},"event":{"count":2,"data":{},"id":"tips.of.the.day.next"}}
{"session":"6bc7796798bb","build":"182.5107.16.33.5264788","bucket":"-1","time":1553055807106,"group":{"id":"ui.dialogs","version":"2"},"event":{"count":1,"data":{"code":1,"type":"close"},"id":"com.intellij.ide.util.TipDialog"}}
{"session":"6bc7796798bb","build":"182.5107.16.33.5264788","bucket":"-1","time":1553055835869,"group":{"id":"actions","version":"2"},"event":{"count":1,"data":{},"id":"Run"}}
{"session":"6bc7796798bb","build":"182.5107.16.33.5264788","bucket":"-1","time":1553055837150,"group":{"id":"ui.dialogs","version":"2"},"event":{"count":1,"data":{"type":"show"},"id":"com.intellij.execution.impl.RunDialog$1"}}
{"session":"6bc7796798bb","build":"182.5107.16.33.5264788","bucket":"-1","time":1553055841509,"group":{"id":"ui.dialogs","version":"2"},"event":{"count":1,"data":{"code":0,"type":"close"},"id":"com.intellij.execution.impl.RunDialog$1"}}
{"session":"6bc7796798bb","build":"182.5107.16.33.5264788","bucket":"-1","time":1553055841619,"group":{"id":"ui.dialogs","version":"2"},"event":{"count":1,"data":{"type":"show"},"id":"com.intellij.openapi.ui.messages.MessageDialog"}}
{"session":"6bc7796798bb","build":"182.5107.16.33.5264788","bucket":"-1","time":1553055844494,"group":{"id":"trigger","version":"2"},"event":{"count":1,"data":{},"id":"execute.AndroidRunConfigurationType.Run"}}
{"session":"6bc7796798bb","build":"182.5107.16.33.5264788","bucket":"-1","time":1553055853031,"group":{"id":"toolwindow","version":"2"},"event":{"count":1,"data":{},"id":"Build_by_Activation"}}
{"session":"6bc7796798bb","build":"182.5107.16.33.5264788","bucket":"-1","time":1553055872305,"group":{"id":"actions","version":"2"},"event":{"count":1,"data":{},"id":"editRunConfigurations"}}
{"session":"6bc7796798bb","build":"182.5107.16.33.5264788","bucket":"-1","time":1553055872445,"group":{"id":"ui.dialogs","version":"2"},"event":{"count":1,"data":{"type":"show"},"id":"com.intellij.execution.impl.EditConfigurationsDialog"}}
{"session":"6bc7796798bb","build":"182.5107.16.33.5264788","bucket":"-1","time":1553056188838,"group":{"id":"ui.dialogs","version":"2"},"event":{"count":1,"data":{"code":0,"type":"close"},"id":"com.intellij.execution.impl.EditConfigurationsDialog"}}
{"session":"6bc7796798bb","build":"182.5107.16.33.5264788","bucket":"-1","time":1553056193025,"group":{"id":"actions","version":"2"},"event":{"count":1,"data":{},"id":"Run"}}
{"session":"6bc7796798bb","build":"182.5107.16.33.5264788","bucket":"-1","time":1553056193291,"group":{"id":"ui.dialogs","version":"2"},"event":{"count":1,"data":{"type":"show"},"id":"com.intellij.execution.impl.RunDialog$1"}}
{"session":"6bc7796798bb","build":"182.5107.16.33.5264788","bucket":"-1","time":1553056195150,"group":{"id":"ui.dialogs","version":"2"},"event":{"count":1,"data":{"code":0,"type":"close"},"id":"com.intellij.execution.impl.RunDialog$1"}}
{"session":"6bc7796798bb","build":"182.5107.16.33.5264788","bucket":"-1","time":1553056195181,"group":{"id":"ui.dialogs","version":"2"},"event":{"count":1,"data":{"type":"show"},"id":"com.intellij.openapi.ui.messages.MessageDialog"}}
{"session":"6bc7796798bb","build":"182.5107.16.33.5264788","bucket":"-1","time":1553056200541,"group":{"id":"trigger","version":"2"},"event":{"count":1,"data":{},"id":"execute.AndroidRunConfigurationType.Run"}}
{"session":"6bc7796798bb","build":"182.5107.16.33.5264788","bucket":"-1","time":1553056251774,"group":{"id":"actions","version":"2"},"event":{"count":1,"data":{},"id":"EditorCopy"}}
{"session":"6bc7796798bb","build":"182.5107.16.33.5264788","bucket":"-1","time":1553056316011,"group":{"id":"actions","version":"2"},"event":{"count":1,"data":{},"id":"Android.SyncProject"}}
{"session":"6bc7796798bb","build":"182.5107.16.33.5264788","bucket":"-1","time":1553056611718,"group":{"id":"ui.dialogs","version":"2"},"event":{"count":1,"data":{"type":"show"},"id":"com.intellij.diagnostic.IdeMessagePanel$3"}}
{"session":"6bc7796798bb","build":"182.5107.16.33.5264788","bucket":"-1","time":1553056616030,"group":{"id":"ui.dialogs","version":"2"},"event":{"count":1,"data":{"code":0,"type":"close"},"id":"com.intellij.diagnostic.IdeMessagePanel$3"}}
{"session":"6bc7796798bb","build":"182.5107.16.33.5264788","bucket":"-1","time":1553056940978,"group":{"id":"ui.dialogs","version":"2"},"event":{"count":1,"data":{"type":"show"},"id":"com.intellij.diagnostic.IdeMessagePanel$3"}}
{"session":"6bc7796798bb","build":"182.5107.16.33.5264788","bucket":"-1","time":1553056944338,"group":{"id":"ui.dialogs","version":"2"},"event":{"count":1,"data":{"code":1,"type":"close"},"id":"com.intellij.diagnostic.IdeMessagePanel$3"}}
{"session":"6bc7796798bb","build":"182.5107.16.33.5264788","bucket":"-1","time":1553057046489,"group":{"id":"ui.dialogs","version":"2"},"event":{"count":1,"data":{"type":"show"},"id":"com.intellij.ui.components.LegalNoticeDialog"}}
{"session":"6bc7796798bb","build":"182.5107.16.33.5264788","bucket":"-1","time":1553057053208,"group":{"id":"ui.dialogs","version":"2"},"event":{"count":1,"data":{"code":0,"type":"close"},"id":"com.intellij.ui.components.LegalNoticeDialog"}}
{"session":"6bc7796798bb","build":"182.5107.16.33.5264788","bucket":"-1","time":1553057078550,"group":{"id":"actions","version":"2"},"event":{"count":1,"data":{},"id":"Run"}}
{"session":"6bc7796798bb","build":"182.5107.16.33.5264788","bucket":"-1","time":1553057078800,"group":{"id":"ui.dialogs","version":"2"},"event":{"count":1,"data":{"type":"show"},"id":"com.intellij.execution.impl.RunDialog$1"}}
{"session":"6bc7796798bb","build":"182.5107.16.33.5264788","bucket":"-1","time":1553057088972,"group":{"id":"ui.dialogs","version":"2"},"event":{"count":1,"data":{"code":0,"type":"close"},"id":"com.intellij.execution.impl.RunDialog$1"}}
{"session":"6bc7796798bb","build":"182.5107.16.33.5264788","bucket":"-1","time":1553057088987,"group":{"id":"ui.dialogs","version":"2"},"event":{"count":1,"data":{"type":"show"},"id":"com.intellij.openapi.ui.messages.MessageDialog"}}
{"session":"6bc7796798bb","build":"182.5107.16.33.5264788","bucket":"-1","time":1553057091765,"group":{"id":"trigger","version":"2"},"event":{"count":1,"data":{},"id":"execute.AndroidRunConfigurationType.Run"}}
{"session":"6bc7796798bb","build":"182.5107.16.33.5264788","bucket":"-1","time":1553057111563,"group":{"id":"actions","version":"2"},"event":{"count":1,"data":{},"id":"Debug"}}
{"session":"6bc7796798bb","build":"182.5107.16.33.5264788","bucket":"-1","time":1553057111797,"group":{"id":"ui.dialogs","version":"2"},"event":{"count":1,"data":{"type":"show"},"id":"com.intellij.execution.impl.RunDialog$1"}}
{"session":"6bc7796798bb","build":"182.5107.16.33.5264788","bucket":"-1","time":1553057114125,"group":{"id":"ui.dialogs","version":"2"},"event":{"count":1,"data":{"code":1,"type":"close"},"id":"com.intellij.execution.impl.RunDialog$1"}}
{"session":"6bc7796798bb","build":"182.5107.16.33.5264788","bucket":"-1","time":1553057124672,"group":{"id":"actions","version":"2"},"event":{"count":1,"data":{},"id":"ImportProject"}}
{"session":"6bc7796798bb","build":"182.5107.16.33.5264788","bucket":"-1","time":1553057124766,"group":{"id":"ui.dialogs","version":"2"},"event":{"count":1,"data":{"type":"show"},"id":"com.intellij.openapi.fileChooser.ex.FileChooserDialogImpl"}}
{"session":"6bc7796798bb","build":"182.5107.16.33.5264788","bucket":"-1","time":1553057145545,"group":{"id":"ui.dialogs","version":"2"},"event":{"count":1,"data":{"code":0,"type":"close"},"id":"com.intellij.openapi.fileChooser.ex.FileChooserDialogImpl"}}
{"session":"6bc7796798bb","build":"182.5107.16.33.5264788","bucket":"-1","time":1553057151373,"group":{"id":"ui.dialogs","version":"2"},"event":{"count":1,"data":{"type":"show"},"id":"com.intellij.openapi.ui.messages.MessageDialog"}}
{"session":"6bc7796798bb","build":"182.5107.16.33.5264788","bucket":"-1","time":1553057151779,"group":{"id":"lifecycle","version":"2"},"event":{"count":1,"data":{"durationSeconds":7},"id":"ide.freeze"}}
{"session":"6bc7796798bb","build":"182.5107.16.33.5264788","bucket":"-1","time":1553057151873,"group":{"id":"ui.dialogs","version":"2"},"event":{"count":1,"data":{"type":"show"},"id":"com.intellij.openapi.progress.util.ProgressDialog$MyDialogWrapper"}}
{"session":"6bc7796798bb","build":"182.5107.16.33.5264788","bucket":"-1","time":1553057154373,"group":{"id":"ui.dialogs","version":"2"},"event":{"count":1,"data":{"code":1,"type":"close"},"id":"com.intellij.openapi.progress.util.ProgressDialog$MyDialogWrapper"}}
{"session":"6bc7796798bb","build":"182.5107.16.33.5264788","bucket":"-1","time":1553057162967,"group":{"id":"trigger","version":"2"},"event":{"count":1,"data":{},"id":"StripeButton[Version_Control].hidden"}}
{"session":"6bc7796798bb","build":"182.5107.16.33.5264788","bucket":"-1","time":1553057200026,"group":{"id":"actions","version":"2"},"event":{"count":1,"data":{},"id":"ShowSettings"}}
{"session":"6bc7796798bb","build":"182.5107.16.33.5264788","bucket":"-1","time":1553057203464,"group":{"id":"ui.dialogs","version":"2"},"event":{"count":1,"data":{"type":"show"},"id":"com.intellij.openapi.options.newEditor.SettingsDialog"}}
{"session":"6bc7796798bb","build":"182.5107.16.33.5264788","bucket":"-1","time":1553057203745,"group":{"id":"ui.settings","version":"2"},"event":{"count":1,"data":{"type":"select"},"id":"ide.settings.Instant_Run"}}
{"session":"6bc7796798bb","build":"182.5107.16.33.5264788","bucket":"-1","time":1553057209042,"group":{"id":"ui.settings","version":"2"},"event":{"count":1,"data":{"type":"select"},"id":"ide.settings.Build__Execution__Deployment"}}
{"session":"6bc7796798bb","build":"182.5107.16.33.5264788","bucket":"-1","time":1553057212542,"group":{"id":"ui.settings","version":"2"},"event":{"count":1,"data":{"type":"select"},"id":"ide.settings.Gradle"}}
{"session":"6bc7796798bb","build":"182.5107.16.33.5264788","bucket":"-1","time":1553057228995,"group":{"id":"ui.settings","version":"2"},"event":{"count":1,"data":{"type":"apply"},"id":"ide.settings.Gradle"}}
{"session":"6bc7796798bb","build":"182.5107.16.33.5264788","bucket":"-1","time":1553057228995,"group":{"id":"trigger","version":"2"},"event":{"count":1,"data":{},"id":"ide.settings.Gradle"}}
{"session":"6bc7796798bb","build":"182.5107.16.33.5264788","bucket":"-1","time":1553057233417,"group":{"id":"ui.dialogs","version":"2"},"event":{"count":1,"data":{"code":0,"type":"close"},"id":"com.intellij.openapi.options.newEditor.SettingsDialog"}}
{"session":"6bc7796798bb","build":"182.5107.16.33.5264788","bucket":"-1","time":1553057236652,"group":{"id":"actions","version":"2"},"event":{"count":1,"data":{},"id":"Run"}}
{"session":"6bc7796798bb","build":"182.5107.16.33.5264788","bucket":"-1","time":1553057236918,"group":{"id":"ui.dialogs","version":"2"},"event":{"count":1,"data":{"type":"show"},"id":"com.intellij.execution.impl.RunDialog$1"}}
{"session":"6bc7796798bb","build":"182.5107.16.33.5264788","bucket":"-1","time":1553057239059,"group":{"id":"ui.dialogs","version":"2"},"event":{"count":1,"data":{"code":0,"type":"close"},"id":"com.intellij.execution.impl.RunDialog$1"}}
{"session":"6bc7796798bb","build":"182.5107.16.33.5264788","bucket":"-1","time":1553057239074,"group":{"id":"ui.dialogs","version":"2"},"event":{"count":1,"data":{"type":"show"},"id":"com.intellij.openapi.ui.messages.MessageDialog"}}
{"session":"6bc7796798bb","build":"182.5107.16.33.5264788","bucket":"-1","time":1553057240874,"group":{"id":"trigger","version":"2"},"event":{"count":1,"data":{},"id":"execute.AndroidRunConfigurationType.Run"}}
{"session":"6bc7796798bb","build":"182.5107.16.33.5264788","bucket":"-1","time":1553057251030,"group":{"id":"toolwindow","version":"2"},"event":{"count":1,"data":{},"id":"Logcat_by_Activation"}}
{"session":"6bc7796798bb","build":"182.5107.16.33.5264788","bucket":"-1","time":1553057274280,"group":{"id":"toolwindow","version":"2"},"event":{"count":1,"data":{},"id":"Build_by_Activation"}}
{"session":"6bc7796798bb","build":"182.5107.16.33.5264788","bucket":"-1","time":1553057361576,"group":{"id":"lifecycle","version":"2"},"event":{"count":1,"data":{},"id":"project.closed"}}
{"session":"6bc7796798bb","build":"182.5107.16.33.5264788","bucket":"-1","time":1553057368622,"group":{"id":"toolwindow","version":"2"},"event":{"count":1,"data":{},"id":"Project_by_Activation"}}
{"session":"6bc7796798bb","build":"182.5107.16.33.5264788","bucket":"-1","time":1553057378997,"group":{"id":"toolwindow","version":"2"},"event":{"count":1,"data":{},"id":"Build_by_Activation"}}
{"session":"6bc7796798bb","build":"182.5107.16.33.5264788","bucket":"-1","time":1553057570315,"group":{"id":"actions","version":"2"},"event":{"count":30,"data":{},"id":"EditorDown"}}
{"session":"6bc7796798bb","build":"182.5107.16.33.5264788","bucket":"-1","time":1553057961932,"group":{"id":"ui.dialogs","version":"2"},"event":{"count":1,"data":{"type":"show"},"id":"com.intellij.util.ui.ConfirmationDialog"}}
{"session":"6bc7796798bb","build":"182.5107.16.33.5264788","bucket":"-1","time":1553057972011,"group":{"id":"ui.dialogs","version":"2"},"event":{"count":1,"data":{"code":0,"type":"close"},"id":"com.intellij.util.ui.ConfirmationDialog"}}
{"session":"6bc7796798bb","build":"182.5107.16.33.5264788","bucket":"-1","time":1553057981386,"group":{"id":"actions","version":"2"},"event":{"count":1,"data":{},"id":"Run"}}
{"session":"6bc7796798bb","build":"182.5107.16.33.5264788","bucket":"-1","time":1553057981573,"group":{"id":"ui.dialogs","version":"2"},"event":{"count":1,"data":{"type":"show"},"id":"com.intellij.execution.impl.RunDialog$1"}}
{"session":"6bc7796798bb","build":"182.5107.16.33.5264788","bucket":"-1","time":1553057986292,"group":{"id":"ui.dialogs","version":"2"},"event":{"count":1,"data":{"code":1,"type":"close"},"id":"com.intellij.execution.impl.RunDialog$1"}}
{"session":"6bc7796798bb","build":"182.5107.16.33.5264788","bucket":"-1","time":1553057996277,"group":{"id":"actions","version":"2"},"event":{"count":1,"data":{},"id":"ShowSettings"}}
{"session":"6bc7796798bb","build":"182.5107.16.33.5264788","bucket":"-1","time":1553057996402,"group":{"id":"ui.dialogs","version":"2"},"event":{"count":1,"data":{"type":"show"},"id":"com.intellij.openapi.options.newEditor.SettingsDialog"}}
{"session":"6bc7796798bb","build":"182.5107.16.33.5264788","bucket":"-1","time":1553057996605,"group":{"id":"ui.settings","version":"2"},"event":{"count":1,"data":{"type":"select"},"id":"ide.settings.Gradle"}}
{"session":"6bc7796798bb","build":"182.5107.16.33.5264788","bucket":"-1","time":1553057999417,"group":{"id":"ui.dialogs","version":"2"},"event":{"count":1,"data":{"code":1,"type":"close"},"id":"com.intellij.openapi.options.newEditor.SettingsDialog"}}
{"session":"6bc7796798bb","build":"182.5107.16.33.5264788","bucket":"-1","time":1553058002258,"group":{"id":"actions","version":"2"},"event":{"count":1,"data":{},"id":"Vcs.UpdateProject"}}
{"session":"6bc7796798bb","build":"182.5107.16.33.5264788","bucket":"-1","time":1553058002383,"group":{"id":"ui.dialogs","version":"2"},"event":{"count":1,"data":{"type":"show"},"id":"com.intellij.openapi.vcs.update.ActionInfo$1$1"}}
{"session":"6bc7796798bb","build":"182.5107.16.33.5264788","bucket":"-1","time":1553058004930,"group":{"id":"ui.dialogs","version":"2"},"event":{"count":1,"data":{"code":1,"type":"close"},"id":"com.intellij.openapi.vcs.update.ActionInfo$1$1"}}
{"session":"6bc7796798bb","build":"182.5107.16.33.5264788","bucket":"-1","time":1553058009648,"group":{"id":"actions","version":"2"},"event":{"count":1,"data":{},"id":"CheckinProject"}}
{"session":"6bc7796798bb","build":"182.5107.16.33.5264788","bucket":"-1","time":1553058011117,"group":{"id":"ui.dialogs","version":"2"},"event":{"count":1,"data":{"type":"show"},"id":"com.intellij.openapi.vcs.changes.ui.CommitChangeListDialog"}}
{"session":"6bc7796798bb","build":"182.5107.16.33.5264788","bucket":"-1","time":1553058028347,"group":{"id":"ui.dialogs","version":"2"},"event":{"count":1,"data":{"type":"show"},"id":"com.intellij.openapi.progress.util.ProgressDialog$MyDialogWrapper"}}
{"session":"6bc7796798bb","build":"182.5107.16.33.5264788","bucket":"-1","time":1553058028894,"group":{"id":"ui.dialogs","version":"2"},"event":{"count":1,"data":{"code":1,"type":"close"},"id":"com.intellij.openapi.progress.util.ProgressDialog$MyDialogWrapper"}}
{"session":"6bc7796798bb","build":"182.5107.16.33.5264788","bucket":"-1","time":1553058028925,"group":{"id":"ui.dialogs","version":"2"},"event":{"count":1,"data":{"type":"show"},"id":"com.intellij.openapi.ui.messages.MessageDialog"}}
{"session":"6bc7796798bb","build":"182.5107.16.33.5264788","bucket":"-1","time":1553058034097,"group":{"id":"ui.dialogs","version":"2"},"event":{"count":1,"data":{"code":0,"type":"close"},"id":"com.intellij.openapi.vcs.changes.ui.CommitChangeListDialog"}}
{"session":"6bc7796798bb","build":"182.5107.16.33.5264788","bucket":"-1","time":1553058050800,"group":{"id":"actions","version":"2"},"event":{"count":1,"data":{},"id":"ShowSettings"}}
{"session":"6bc7796798bb","build":"182.5107.16.33.5264788","bucket":"-1","time":1553058050910,"group":{"id":"ui.dialogs","version":"2"},"event":{"count":1,"data":{"type":"show"},"id":"com.intellij.openapi.options.newEditor.SettingsDialog"}}
{"session":"6bc7796798bb","build":"182.5107.16.33.5264788","bucket":"-1","time":1553058051160,"group":{"id":"ui.settings","version":"2"},"event":{"count":1,"data":{"type":"select"},"id":"ide.settings.Gradle"}}
{"session":"6bc7796798bb","build":"182.5107.16.33.5264788","bucket":"-1","time":1553058055472,"group":{"id":"ui.settings","version":"2"},"event":{"count":1,"data":{"type":"select"},"id":"ide.settings.Build__Execution__Deployment"}}
{"session":"6bc7796798bb","build":"182.5107.16.33.5264788","bucket":"-1","time":1553058057801,"group":{"id":"ui.settings","version":"2"},"event":{"count":1,"data":{"type":"select"},"id":"ide.settings.Tools"}}
{"session":"6bc7796798bb","build":"182.5107.16.33.5264788","bucket":"-1","time":1553058061925,"group":{"id":"ui.settings","version":"2"},"event":{"count":1,"data":{"type":"select"},"id":"ide.settings.Version_Control"}}
{"session":"6bc7796798bb","build":"182.5107.16.33.5264788","bucket":"-1","time":1553058065707,"group":{"id":"ui.settings","version":"2"},"event":{"count":1,"data":{"type":"select"},"id":"ide.settings.Git"}}
{"session":"6bc7796798bb","build":"182.5107.16.33.5264788","bucket":"-1","time":1553058070894,"group":{"id":"ui.dialogs","version":"2"},"event":{"count":1,"data":{"code":0,"type":"close"},"id":"com.intellij.openapi.options.newEditor.SettingsDialog"}}
{"session":"6bc7796798bb","build":"182.5107.16.33.5264788","bucket":"-1","time":1553058081452,"group":{"id":"actions","version":"2"},"event":{"count":1,"data":{},"id":"Android.SyncProject"}}
{"session":"6bc7796798bb","build":"182.5107.16.33.5264788","bucket":"-1","time":1553058102121,"group":{"id":"actions","version":"2"},"event":{"count":1,"data":{},"id":"ShowSettings"}}
{"session":"6bc7796798bb","build":"182.5107.16.33.5264788","bucket":"-1","time":1553058102230,"group":{"id":"ui.dialogs","version":"2"},"event":{"count":1,"data":{"type":"show"},"id":"com.intellij.openapi.options.newEditor.SettingsDialog"}}
{"session":"6bc7796798bb","build":"182.5107.16.33.5264788","bucket":"-1","time":1553058102496,"group":{"id":"ui.settings","version":"2"},"event":{"count":1,"data":{"type":"select"},"id":"ide.settings.Git"}}
{"session":"6bc7796798bb","build":"182.5107.16.33.5264788","bucket":"-1","time":1553058109309,"group":{"id":"ui.settings","version":"2"},"event":{"count":1,"data":{"type":"select"},"id":"ide.settings.GitHub"}}
{"session":"6bc7796798bb","build":"182.5107.16.33.5264788","bucket":"-1","time":1553058115543,"group":{"id":"ui.dialogs","version":"2"},"event":{"count":1,"data":{"type":"show"},"id":"org.jetbrains.plugins.github.authentication.ui.GithubLoginDialog"}}
{"session":"6bc7796798bb","build":"182.5107.16.33.5264788","bucket":"-1","time":1553058212722,"group":{"id":"actions","version":"2"},"event":{"count":6,"data":{},"id":"EditorBackSpace"}}
{"session":"6bc7796798bb","build":"182.5107.16.33.5264788","bucket":"-1","time":1553058255926,"group":{"id":"ui.settings","version":"2"},"event":{"count":1,"data":{"type":"apply"},"id":"ide.settings.GitHub"}}
{"session":"6bc7796798bb","build":"182.5107.16.33.5264788","bucket":"-1","time":1553058255926,"group":{"id":"trigger","version":"2"},"event":{"count":1,"data":{},"id":"ide.settings.GitHub"}}
{"session":"6bc7796798bb","build":"182.5107.16.33.5264788","bucket":"-1","time":1553058261114,"group":{"id":"ui.settings","version":"2"},"event":{"count":1,"data":{"type":"select"},"id":"ide.settings.Git"}}
{"session":"6bc7796798bb","build":"182.5107.16.33.5264788","bucket":"-1","time":1553058263458,"group":{"id":"ui.settings","version":"2"},"event":{"count":1,"data":{"type":"select"},"id":"ide.settings.Tools"}}
{"session":"6bc7796798bb","build":"182.5107.16.33.5264788","bucket":"-1","time":1553058265864,"group":{"id":"ui.settings","version":"2"},"event":{"count":1,"data":{"type":"select"},"id":"ide.settings.Build__Execution__Deployment"}}
{"session":"6bc7796798bb","build":"182.5107.16.33.5264788","bucket":"-1","time":1553058270254,"group":{"id":"ui.settings","version":"2"},"event":{"count":1,"data":{"type":"select"},"id":"ide.settings.GitHub"}}
{"session":"6bc7796798bb","build":"182.5107.16.33.5264788","bucket":"-1","time":1553058271567,"group":{"id":"ui.settings","version":"2"},"event":{"count":1,"data":{"type":"select"},"id":"ide.settings.Version_Control"}}
{"session":"6bc7796798bb","build":"182.5107.16.33.5264788","bucket":"-1","time":1553058275504,"group":{"id":"ui.dialogs","version":"2"},"event":{"count":1,"data":{"code":0,"type":"close"},"id":"com.intellij.openapi.options.newEditor.SettingsDialog"}}
{"session":"6bc7796798bb","build":"182.5107.16.33.5264788","bucket":"-1","time":1553058293880,"group":{"id":"actions","version":"2"},"event":{"count":1,"data":{},"id":"CheckinFiles"}}
{"session":"6bc7796798bb","build":"182.5107.16.33.5264788","bucket":"-1","time":1553058294239,"group":{"id":"ui.dialogs","version":"2"},"event":{"count":1,"data":{"type":"show"},"id":"com.intellij.openapi.ui.messages.MessageDialog"}}
{"session":"6bc7796798bb","build":"182.5107.16.33.5264788","bucket":"-1","time":1553058310503,"group":{"id":"actions","version":"2"},"event":{"count":1,"data":{},"id":"Vcs.Push"}}
{"session":"6bc7796798bb","build":"182.5107.16.33.5264788","bucket":"-1","time":1553058311112,"group":{"id":"ui.dialogs","version":"2"},"event":{"count":1,"data":{"type":"show"},"id":"com.intellij.dvcs.push.ui.VcsPushDialog"}}
{"session":"6bc7796798bb","build":"182.5107.16.33.5264788","bucket":"-1","time":1553058323238,"group":{"id":"actions","version":"2"},"event":{"count":1,"data":{},"id":"ChangesView.GroupBy"}}
{"session":"6bc7796798bb","build":"182.5107.16.33.5264788","bucket":"-1","time":1553058326847,"group":{"id":"actions","version":"2"},"event":{"count":4,"data":{},"id":"ChangesView.GroupBy.Directory"}}
{"session":"6bc7796798bb","build":"182.5107.16.33.5264788","bucket":"-1","time":1553058337128,"group":{"id":"ui.dialogs","version":"2"},"event":{"count":1,"data":{"type":"show"},"id":"git4idea.remote.GitDefineRemoteDialog"}}
{"session":"6bc7796798bb","build":"182.5107.16.33.5264788","bucket":"-1","time":1553058770530,"group":{"id":"actions","version":"2"},"event":{"count":1,"data":{},"id":"EditorPaste"}}
{"session":"6bc7796798bb","build":"182.5107.16.33.5264788","bucket":"-1","time":1553058780046,"group":{"id":"ui.dialogs","version":"2"},"event":{"count":1,"data":{"type":"show"},"id":"com.intellij.openapi.progress.util.ProgressDialog$MyDialogWrapper"}}
{"session":"6bc7796798bb","build":"182.5107.16.33.5264788","bucket":"-1","time":1553058783749,"group":{"id":"ui.dialogs","version":"2"},"event":{"count":1,"data":{"code":1,"type":"close"},"id":"com.intellij.openapi.progress.util.ProgressDialog$MyDialogWrapper"}}
{"session":"6bc7796798bb","build":"182.5107.16.33.5264788","bucket":"-1","time":1553058783749,"group":{"id":"ui.dialogs","version":"2"},"event":{"count":1,"data":{"code":0,"type":"close"},"id":"git4idea.remote.GitDefineRemoteDialog"}}
{"session":"6bc7796798bb","build":"182.5107.16.33.5264788","bucket":"-1","time":1553058784077,"group":{"id":"ui.dialogs","version":"2"},"event":{"count":1,"data":{"type":"show"},"id":"com.intellij.openapi.progress.util.ProgressDialog$MyDialogWrapper"}}
{"session":"6bc7796798bb","build":"182.5107.16.33.5264788","bucket":"-1","time":1553058784499,"group":{"id":"ui.dialogs","version":"2"},"event":{"count":1,"data":{"code":1,"type":"close"},"id":"com.intellij.openapi.progress.util.ProgressDialog$MyDialogWrapper"}}
{"session":"6bc7796798bb","build":"182.5107.16.33.5264788","bucket":"-1","time":1553058797233,"group":{"id":"ui.dialogs","version":"2"},"event":{"count":1,"data":{"code":0,"type":"close"},"id":"com.intellij.dvcs.push.ui.VcsPushDialog"}}
{"session":"6bc7796798bb","build":"182.5107.16.33.5264788","bucket":"-1","time":1553060719432,"group":{"id":"actions","version":"2"},"event":{"count":1,"data":{},"id":"NewProject"}}
{"session":"6bc7796798bb","build":"182.5107.16.33.5264788","bucket":"-1","time":1553060721260,"group":{"id":"ui.dialogs","version":"2"},"event":{"count":1,"data":{"type":"show"},"id":"com.android.tools.idea.wizard.model.ModelWizardDialog"}}
{"session":"6bc7796798bb","build":"182.5107.16.33.5264788","bucket":"-1","time":1553060731226,"group":{"id":"actions","version":"2"},"event":{"count":48,"data":{},"id":"EditorBackSpace"}}
{"session":"6bc7796798bb","build":"182.5107.16.33.5264788","bucket":"-1","time":1553060742976,"group":{"id":"ui.dialogs","version":"2"},"event":{"count":1,"data":{"type":"show"},"id":"com.intellij.openapi.fileChooser.ex.FileChooserDialogImpl"}}
{"session":"6bc7796798bb","build":"182.5107.16.33.5264788","bucket":"-1","time":1553060751337,"group":{"id":"ui.dialogs","version":"2"},"event":{"count":1,"data":{"code":0,"type":"close"},"id":"com.intellij.openapi.fileChooser.ex.FileChooserDialogImpl"}}
{"session":"6bc7796798bb","build":"182.5107.16.33.5264788","bucket":"-1","time":1553060778725,"group":{"id":"ui.dialogs","version":"2"},"event":{"count":1,"data":{"type":"show"},"id":"com.intellij.openapi.fileChooser.ex.FileChooserDialogImpl"}}
{"session":"6bc7796798bb","build":"182.5107.16.33.5264788","bucket":"-1","time":1553060788661,"group":{"id":"ui.dialogs","version":"2"},"event":{"count":1,"data":{"code":0,"type":"close"},"id":"com.intellij.openapi.fileChooser.ex.FileChooserDialogImpl"}}
{"session":"6bc7796798bb","build":"182.5107.16.33.5264788","bucket":"-1","time":1553060811646,"group":{"id":"ui.dialogs","version":"2"},"event":{"count":1,"data":{"type":"show"},"id":"com.intellij.openapi.fileChooser.ex.FileChooserDialogImpl"}}
{"session":"6bc7796798bb","build":"182.5107.16.33.5264788","bucket":"-1","time":1553060823550,"group":{"id":"actions","version":"2"},"event":{"count":11,"data":{},"id":"EditorBackSpace"}}
{"session":"6bc7796798bb","build":"182.5107.16.33.5264788","bucket":"-1","time":1553060825768,"group":{"id":"actions","version":"2"},"event":{"count":1,"data":{},"id":"DialogOkAction_Enter"}}
{"session":"6bc7796798bb","build":"182.5107.16.33.5264788","bucket":"-1","time":1553060825768,"group":{"id":"ui.dialogs","version":"2"},"event":{"count":1,"data":{"code":0,"type":"close"},"id":"com.intellij.openapi.fileChooser.ex.FileChooserDialogImpl"}}
{"session":"6bc7796798bb","build":"182.5107.16.33.5264788","bucket":"-1","time":1553060828685,"group":{"id":"ui.dialogs","version":"2"},"event":{"count":1,"data":{"type":"show"},"id":"com.intellij.openapi.fileChooser.ex.FileChooserDialogImpl"}}
{"session":"6bc7796798bb","build":"182.5107.16.33.5264788","bucket":"-1","time":1553060833269,"group":{"id":"ui.dialogs","version":"2"},"event":{"count":1,"data":{"code":1,"type":"close"},"id":"com.intellij.openapi.fileChooser.ex.FileChooserDialogImpl"}}
{"session":"6bc7796798bb","build":"182.5107.16.33.5264788","bucket":"-1","time":1553060838096,"group":{"id":"ui.dialogs","version":"2"},"event":{"count":1,"data":{"type":"show"},"id":"com.intellij.openapi.fileChooser.ex.FileChooserDialogImpl"}}
{"session":"6bc7796798bb","build":"182.5107.16.33.5264788","bucket":"-1","time":1553060854199,"group":{"id":"ui.dialogs","version":"2"},"event":{"count":1,"data":{"code":0,"type":"close"},"id":"com.intellij.openapi.fileChooser.ex.FileChooserDialogImpl"}}
{"session":"6bc7796798bb","build":"182.5107.16.33.5264788","bucket":"-1","time":1553060861371,"group":{"id":"actions","version":"2"},"event":{"count":21,"data":{},"id":"EditorBackSpace"}}
{"session":"6bc7796798bb","build":"182.5107.16.33.5264788","bucket":"-1","time":1553060887668,"group":{"id":"ui.dialogs","version":"2"},"event":{"count":1,"data":{"code":0,"type":"close"},"id":"com.android.tools.idea.wizard.model.ModelWizardDialog"}}
{"session":"6bc7796798bb","build":"182.5107.16.33.5264788","bucket":"-1","time":1553060887903,"group":{"id":"lifecycle","version":"2"},"event":{"count":1,"data":{},"id":"project.opened"}}
{"session":"6bc7796798bb","build":"182.5107.16.33.5264788","bucket":"-1","time":1553060888200,"group":{"id":"lifecycle","version":"2"},"event":{"count":1,"data":{"durationSeconds":11},"id":"ide.freeze"}}
{"session":"6bc7796798bb","build":"182.5107.16.33.5264788","bucket":"-1","time":1553060889403,"group":{"id":"toolwindow","version":"2"},"event":{"count":1,"data":{},"id":"Project_by_Activation"}}
{"session":"6bc7796798bb","build":"182.5107.16.33.5264788","bucket":"-1","time":1553060889637,"group":{"id":"lifecycle","version":"2"},"event":{"count":1,"data":{"time.ms":12132},"id":"project.opening.finished"}}
{"session":"6bc7796798bb","build":"182.5107.16.33.5264788","bucket":"-1","time":1553060927575,"group":{"id":"trigger","version":"2"},"event":{"count":1,"data":{},"id":"StripeButton[Android_Profiler].hidden"}}
{"session":"6bc7796798bb","build":"182.5107.16.33.5264788","bucket":"-1","time":1553060937122,"group":{"id":"lifecycle","version":"2"},"event":{"count":1,"data":{"durationSeconds":10},"id":"ide.freeze"}}
{"session":"6bc7796798bb","build":"182.5107.16.33.5264788","bucket":"-1","time":1553060946450,"group":{"id":"lifecycle","version":"2"},"event":{"count":1,"data":{"durationSeconds":7},"id":"ide.freeze"}}
{"session":"6bc7796798bb","build":"182.5107.16.33.5264788","bucket":"-1","time":1553060948841,"group":{"id":"system.os.name","version":"2"},"event":{"data":{},"id":"Windows"}}
{"session":"6bc7796798bb","build":"182.5107.16.33.5264788","bucket":"-1","time":1553060948841,"group":{"id":"system.os.version","version":"2"},"event":{"data":{},"id":"10.0"}}
{"session":"6bc7796798bb","build":"182.5107.16.33.5264788","bucket":"-1","time":1553060948841,"group":{"id":"system.jvm.vendor","version":"2"},"event":{"data":{},"id":"JetBrains_s.r.o"}}
{"session":"6bc7796798bb","build":"182.5107.16.33.5264788","bucket":"-1","time":1553060948841,"group":{"id":"system.jvm.version","version":"2"},"event":{"data":{},"id":"1.8"}}
{"session":"6bc7796798bb","build":"182.5107.16.33.5264788","bucket":"-1","time":1553060960761,"group":{"id":"lifecycle","version":"2"},"event":{"count":1,"data":{"durationSeconds":11},"id":"ide.freeze"}}
{"session":"6bc7796798bb","build":"182.5107.16.33.5264788","bucket":"-1","time":1553060992730,"group":{"id":"lifecycle","version":"2"},"event":{"count":1,"data":{"durationSeconds":12},"id":"ide.freeze"}}
{"session":"6bc7796798bb","build":"182.5107.16.33.5264788","bucket":"-1","time":1553061033273,"group":{"id":"lifecycle","version":"2"},"event":{"count":1,"data":{"durationSeconds":14},"id":"ide.freeze"}}
{"session":"6bc7796798bb","build":"182.5107.16.33.5264788","bucket":"-1","time":1553061117789,"group":{"id":"actions","version":"2"},"event":{"count":11,"data":{},"id":"EditorBackSpace"}}
{"session":"6bc7796798bb","build":"182.5107.16.33.5264788","bucket":"-1","time":1553061125951,"group":{"id":"actions","version":"2"},"event":{"count":1,"data":{},"id":"EditorRight"}}
{"session":"6bc7796798bb","build":"182.5107.16.33.5264788","bucket":"-1","time":1553061126295,"group":{"id":"actions","version":"2"},"event":{"count":1,"data":{},"id":"EditorBackSpace"}}
{"session":"6bc7796798bb","build":"182.5107.16.33.5264788","bucket":"-1","time":1553061128685,"group":{"id":"actions","version":"2"},"event":{"count":1,"data":{},"id":"EditorEnter"}}
{"session":"6bc7796798bb","build":"182.5107.16.33.5264788","bucket":"-1","time":1553061145436,"group":{"id":"actions","version":"2"},"event":{"count":4,"data":{},"id":"EditorDown"}}
{"session":"6bc7796798bb","build":"182.5107.16.33.5264788","bucket":"-1","time":1553061146623,"group":{"id":"actions","version":"2"},"event":{"count":1,"data":{},"id":"EditorChooseLookupItem"}}
{"session":"6bc7796798bb","build":"182.5107.16.33.5264788","bucket":"-1","time":1553061146654,"group":{"id":"completion","version":"2"},"event":{"count":1,"data":{},"id":"editing.completion.basic"}}
{"session":"6bc7796798bb","build":"182.5107.16.33.5264788","bucket":"-1","time":1553061154467,"group":{"id":"actions","version":"2"},"event":{"count":5,"data":{},"id":"EditorDown"}}
{"session":"6bc7796798bb","build":"182.5107.16.33.5264788","bucket":"-1","time":1553061155748,"group":{"id":"actions","version":"2"},"event":{"count":1,"data":{},"id":"EditorChooseLookupItem"}}
{"session":"6bc7796798bb","build":"182.5107.16.33.5264788","bucket":"-1","time":1553061155764,"group":{"id":"completion","version":"2"},"event":{"count":1,"data":{},"id":"editing.completion.basic"}}
{"session":"6bc7796798bb","build":"182.5107.16.33.5264788","bucket":"-1","time":1553061210605,"group":{"id":"actions","version":"2"},"event":{"count":1,"data":{},"id":"Run"}}
{"session":"6bc7796798bb","build":"182.5107.16.33.5264788","bucket":"-1","time":1553061210683,"group":{"id":"trigger","version":"2"},"event":{"count":1,"data":{},"id":"execute.AndroidRunConfigurationType.Run"}}
{"session":"6bc7796798bb","build":"182.5107.16.33.5264788","bucket":"-1","time":1553061210777,"group":{"id":"ui.dialogs","version":"2"},"event":{"count":1,"data":{"type":"show"},"id":"com.android.tools.idea.run.editor.DeployTargetPickerDialog"}}
{"session":"6bc7796798bb","build":"182.5107.16.33.5264788","bucket":"-1","time":1553061212792,"group":{"id":"ui.dialogs","version":"2"},"event":{"count":1,"data":{"code":0,"type":"close"},"id":"com.android.tools.idea.run.editor.DeployTargetPickerDialog"}}
{"session":"6bc7796798bb","build":"182.5107.16.33.5264788","bucket":"-1","time":1553061264360,"group":{"id":"actions","version":"2"},"event":{"count":1,"data":{},"id":"ShowSettings"}}
{"session":"6bc7796798bb","build":"182.5107.16.33.5264788","bucket":"-1","time":1553061264720,"group":{"id":"ui.dialogs","version":"2"},"event":{"count":1,"data":{"type":"show"},"id":"com.intellij.openapi.options.newEditor.SettingsDialog"}}
{"session":"6bc7796798bb","build":"182.5107.16.33.5264788","bucket":"-1","time":1553061265239,"group":{"id":"ui.settings","version":"2"},"event":{"count":1,"data":{"type":"select"},"id":"ide.settings.Android_SDK"}}
{"session":"6bc7796798bb","build":"182.5107.16.33.5264788","bucket":"-1","time":1553061274333,"group":{"id":"ui.dialogs","version":"2"},"event":{"count":1,"data":{"code":0,"type":"close"},"id":"com.intellij.openapi.options.newEditor.SettingsDialog"}}
{"session":"6bc7796798bb","build":"182.5107.16.33.5264788","bucket":"-1","time":1553061307399,"group":{"id":"actions","version":"2"},"event":{"count":1,"data":{},"id":"TemplateProjectProperties"}}
{"session":"6bc7796798bb","build":"182.5107.16.33.5264788","bucket":"-1","time":1553061308399,"group":{"id":"ui.dialogs","version":"2"},"event":{"count":1,"data":{"type":"show"},"id":"com.intellij.openapi.options.newEditor.SettingsDialog"}}
{"session":"6bc7796798bb","build":"182.5107.16.33.5264788","bucket":"-1","time":1553061308625,"group":{"id":"ui.settings","version":"2"},"event":{"count":1,"data":{"type":"select"},"id":"ide.settings.Appearance_&_Behavior"}}
{"session":"6bc7796798bb","build":"182.5107.16.33.5264788","bucket":"-1","time":1553061313682,"group":{"id":"ui.dialogs","version":"2"},"event":{"count":1,"data":{"code":1,"type":"close"},"id":"com.intellij.openapi.options.newEditor.SettingsDialog"}}
{"session":"6bc7796798bb","build":"182.5107.16.33.5264788","bucket":"-1","time":1553061371716,"group":{"id":"lifecycle","version":"2"},"event":{"count":1,"data":{"durationSeconds":7},"id":"ide.freeze"}}
{"session":"6bc7796798bb","build":"182.5107.16.33.5264788","bucket":"-1","time":1553061403317,"group":{"id":"toolwindow","version":"2"},"event":{"count":1,"data":{},"id":"Build_by_Activation"}}
{"session":"6bc7796798bb","build":"182.5107.16.33.5264788","bucket":"-1","time":1553061415192,"group":{"id":"actions","version":"2"},"event":{"count":1,"data":{},"id":"Android.SyncProject"}}
{"session":"6bc7796798bb","build":"182.5107.16.33.5264788","bucket":"-1","time":1553061439583,"group":{"id":"actions","version":"2"},"event":{"count":1,"data":{},"id":"Start.Use.Vcs"}}
{"session":"6bc7796798bb","build":"182.5107.16.33.5264788","bucket":"-1","time":1553061439614,"group":{"id":"ui.dialogs","version":"2"},"event":{"count":1,"data":{"type":"show"},"id":"com.intellij.ide.actions.StartUseVcsDialog"}}
{"session":"6bc7796798bb","build":"182.5107.16.33.5264788","bucket":"-1","time":1553061573862,"group":{"id":"ui.dialogs","version":"2"},"event":{"count":1,"data":{"code":0,"type":"close"},"id":"com.intellij.ide.actions.StartUseVcsDialog"}}
{"session":"6bc7796798bb","build":"182.5107.16.33.5264788","bucket":"-1","time":1553061590217,"group":{"id":"actions","version":"2"},"event":{"count":1,"data":{},"id":"CheckinProject"}}
{"session":"6bc7796798bb","build":"182.5107.16.33.5264788","bucket":"-1","time":1553061591061,"group":{"id":"ui.dialogs","version":"2"},"event":{"count":1,"data":{"type":"show"},"id":"com.intellij.openapi.progress.util.ProgressDialog$MyDialogWrapper"}}
{"session":"6bc7796798bb","build":"182.5107.16.33.5264788","bucket":"-1","time":1553061591326,"group":{"id":"ui.dialogs","version":"2"},"event":{"count":1,"data":{"type":"show"},"id":"com.intellij.openapi.vcs.changes.ui.CommitChangeListDialog"}}
{"session":"6bc7796798bb","build":"182.5107.16.33.5264788","bucket":"-1","time":1553061591373,"group":{"id":"ui.dialogs","version":"2"},"event":{"count":1,"data":{"code":1,"type":"close"},"id":"com.intellij.openapi.progress.util.ProgressDialog$MyDialogWrapper"}}
{"session":"6bc7796798bb","build":"182.5107.16.33.5264788","bucket":"-1","time":1553061614388,"group":{"id":"actions","version":"2"},"event":{"count":2,"data":{},"id":"EditorBackSpace"}}
{"session":"6bc7796798bb","build":"182.5107.16.33.5264788","bucket":"-1","time":1553061640404,"group":{"id":"editing","version":"2"},"event":{"count":1,"data":{},"id":"editing.select.word"}}
{"session":"6bc7796798bb","build":"182.5107.16.33.5264788","bucket":"-1","time":1553061644373,"group":{"id":"ui.dialogs","version":"2"},"event":{"count":1,"data":{"type":"show"},"id":"com.intellij.openapi.fileTypes.ex.FileTypeChooser"}}
{"session":"6bc7796798bb","build":"182.5107.16.33.5264788","bucket":"-1","time":1553061648022,"group":{"id":"ui.dialogs","version":"2"},"event":{"count":1,"data":{"code":0,"type":"close"},"id":"com.intellij.openapi.fileTypes.ex.FileTypeChooser"}}
{"session":"6bc7796798bb","build":"182.5107.16.33.5264788","bucket":"-1","time":1553061659097,"group":{"id":"ui.dialogs","version":"2"},"event":{"count":1,"data":{"code":1,"type":"close"},"id":"com.intellij.openapi.vcs.changes.ui.CommitChangeListDialog"}}
{"session":"6bc7796798bb","build":"182.5107.16.33.5264788","bucket":"-1","time":1553061659137,"group":{"id":"ui.dialogs","version":"2"},"event":{"count":1,"data":{"type":"show"},"id":"com.intellij.util.ui.ConfirmationDialog"}}
{"session":"6bc7796798bb","build":"182.5107.16.33.5264788","bucket":"-1","time":1553061660916,"group":{"id":"ui.dialogs","version":"2"},"event":{"count":1,"data":{"code":1,"type":"close"},"id":"com.intellij.util.ui.ConfirmationDialog"}}
{"session":"6bc7796798bb","build":"182.5107.16.33.5264788","bucket":"-1","time":1553061663162,"group":{"id":"actions","version":"2"},"event":{"count":1,"data":{},"id":"Vcs.UpdateProject"}}
{"session":"6bc7796798bb","build":"182.5107.16.33.5264788","bucket":"-1","time":1553061663225,"group":{"id":"ui.dialogs","version":"2"},"event":{"count":1,"data":{"type":"show"},"id":"com.intellij.openapi.vcs.update.ActionInfo$1$1"}}
{"session":"6bc7796798bb","build":"182.5107.16.33.5264788","bucket":"-1","time":1553061666354,"group":{"id":"ui.dialogs","version":"2"},"event":{"count":1,"data":{"code":1,"type":"close"},"id":"com.intellij.openapi.vcs.update.ActionInfo$1$1"}}
{"session":"6bc7796798bb","build":"182.5107.16.33.5264788","bucket":"-1","time":1553061670450,"group":{"id":"actions","version":"2"},"event":{"count":1,"data":{},"id":"CheckinProject"}}
{"session":"6bc7796798bb","build":"182.5107.16.33.5264788","bucket":"-1","time":1553061671075,"group":{"id":"ui.dialogs","version":"2"},"event":{"count":1,"data":{"type":"show"},"id":"com.intellij.openapi.vcs.changes.ui.CommitChangeListDialog"}}
{"session":"6bc7796798bb","build":"182.5107.16.33.5264788","bucket":"-1","time":1553061678475,"group":{"id":"ui.dialogs","version":"2"},"event":{"count":1,"data":{"type":"show"},"id":"com.intellij.openapi.progress.util.ProgressDialog$MyDialogWrapper"}}
{"session":"6bc7796798bb","build":"182.5107.16.33.5264788","bucket":"-1","time":1553061759836,"group":{"id":"ui.dialogs","version":"2"},"event":{"count":1,"data":{"code":1,"type":"close"},"id":"com.intellij.openapi.progress.util.ProgressDialog$MyDialogWrapper"}}
{"session":"6bc7796798bb","build":"182.5107.16.33.5264788","bucket":"-1","time":1553061760195,"group":{"id":"ui.dialogs","version":"2"},"event":{"count":1,"data":{"type":"show"},"id":"com.intellij.openapi.progress.util.ProgressDialog$MyDialogWrapper"}}
{"session":"6bc7796798bb","build":"182.5107.16.33.5264788","bucket":"-1","time":1553061760445,"group":{"id":"ui.dialogs","version":"2"},"event":{"count":1,"data":{"code":1,"type":"close"},"id":"com.intellij.openapi.progress.util.ProgressDialog$MyDialogWrapper"}}
{"session":"6bc7796798bb","build":"182.5107.16.33.5264788","bucket":"-1","time":1553061761461,"group":{"id":"ui.dialogs","version":"2"},"event":{"count":1,"data":{"type":"show"},"id":"com.intellij.openapi.progress.util.ProgressDialog$MyDialogWrapper"}}
{"session":"6bc7796798bb","build":"182.5107.16.33.5264788","bucket":"-1","time":1553061761492,"group":{"id":"ui.dialogs","version":"2"},"event":{"count":1,"data":{"code":1,"type":"close"},"id":"com.intellij.openapi.progress.util.ProgressDialog$MyDialogWrapper"}}
{"session":"6bc7796798bb","build":"182.5107.16.33.5264788","bucket":"-1","time":1553061761851,"group":{"id":"ui.dialogs","version":"2"},"event":{"count":1,"data":{"type":"show"},"id":"com.intellij.openapi.progress.util.ProgressDialog$MyDialogWrapper"}}
{"session":"6bc7796798bb","build":"182.5107.16.33.5264788","bucket":"-1","time":1553061783024,"group":{"id":"ui.dialogs","version":"2"},"event":{"count":1,"data":{"code":1,"type":"close"},"id":"com.intellij.openapi.progress.util.ProgressDialog$MyDialogWrapper"}}
{"session":"6bc7796798bb","build":"182.5107.16.33.5264788","bucket":"-1","time":1553061783024,"group":{"id":"ui.dialogs","version":"2"},"event":{"count":1,"data":{"type":"show"},"id":"com.intellij.openapi.ui.messages.MessageDialog"}}
{"session":"6bc7796798bb","build":"182.5107.16.33.5264788","bucket":"-1","time":1553061797383,"group":{"id":"ui.dialogs","version":"2"},"event":{"count":1,"data":{"code":1,"type":"close"},"id":"com.intellij.openapi.vcs.changes.ui.CommitChangeListDialog"}}
{"session":"6bc7796798bb","build":"182.5107.16.33.5264788","bucket":"-1","time":1553061797580,"group":{"id":"toolwindow","version":"2"},"event":{"count":1,"data":{},"id":"Messages_by_Activation"}}
{"session":"6bc7796798bb","build":"182.5107.16.33.5264788","bucket":"-1","time":1553061818956,"group":{"id":"codeassists","version":"2"},"event":{"count":1,"data":{},"id":"codeassists.quickFix"}}
{"session":"6bc7796798bb","build":"182.5107.16.33.5264788","bucket":"-1","time":1553061877269,"group":{"id":"actions","version":"2"},"event":{"count":1,"data":{},"id":"CheckinProject"}}
{"session":"6bc7796798bb","build":"182.5107.16.33.5264788","bucket":"-1","time":1553061879535,"group":{"id":"ui.dialogs","version":"2"},"event":{"count":1,"data":{"type":"show"},"id":"com.intellij.openapi.vcs.changes.ui.CommitChangeListDialog"}}
{"session":"6bc7796798bb","build":"182.5107.16.33.5264788","bucket":"-1","time":1553061895733,"group":{"id":"ui.dialogs","version":"2"},"event":{"count":1,"data":{"type":"show"},"id":"com.intellij.openapi.progress.util.ProgressDialog$MyDialogWrapper"}}
{"session":"6bc7796798bb","build":"182.5107.16.33.5264788","bucket":"-1","time":1553061903827,"group":{"id":"ui.dialogs","version":"2"},"event":{"count":1,"data":{"code":1,"type":"close"},"id":"com.intellij.openapi.progress.util.ProgressDialog$MyDialogWrapper"}}
{"session":"6bc7796798bb","build":"182.5107.16.33.5264788","bucket":"-1","time":1553061903843,"group":{"id":"ui.dialogs","version":"2"},"event":{"count":1,"data":{"type":"show"},"id":"com.intellij.openapi.ui.messages.MessageDialog"}}
{"session":"6bc7796798bb","build":"182.5107.16.33.5264788","bucket":"-1","time":1553061909345,"group":{"id":"ui.dialogs","version":"2"},"event":{"count":1,"data":{"code":1,"type":"close"},"id":"com.intellij.openapi.vcs.changes.ui.CommitChangeListDialog"}}
{"session":"6bc7796798bb","build":"182.5107.16.33.5264788","bucket":"-1","time":1553061909365,"group":{"id":"toolwindow","version":"2"},"event":{"count":1,"data":{},"id":"Messages_by_Activation"}}
{"session":"6bc7796798bb","build":"182.5107.16.33.5264788","bucket":"-1","time":1553061935519,"group":{"id":"toolwindow","version":"2"},"event":{"count":1,"data":{},"id":"Build_by_Activation"}}
{"session":"6bc7796798bb","build":"182.5107.16.33.5264788","bucket":"-1","time":1553061939112,"group":{"id":"toolwindow","version":"2"},"event":{"count":1,"data":{},"id":"Run_by_Activation"}}
{"session":"6bc7796798bb","build":"182.5107.16.33.5264788","bucket":"-1","time":1553061942487,"group":{"id":"toolwindow","version":"2"},"event":{"count":1,"data":{},"id":"Logcat_by_Activation"}}
{"session":"6bc7796798bb","build":"182.5107.16.33.5264788","bucket":"-1","time":1553061943878,"group":{"id":"toolwindow","version":"2"},"event":{"count":1,"data":{},"id":"Messages_by_Activation"}}
{"session":"6bc7796798bb","build":"182.5107.16.33.5264788","bucket":"-1","time":1553061974222,"group":{"id":"codeassists","version":"2"},"event":{"count":1,"data":{},"id":"codeassists.quickFix"}}
{"session":"6bc7796798bb","build":"182.5107.16.33.5264788","bucket":"-1","time":1553061989066,"group":{"id":"ui.dialogs","version":"2"},"event":{"count":1,"data":{"type":"show"},"id":"com.intellij.openapi.vfs.encoding.IncompatibleEncodingDialog"}}
{"session":"6bc7796798bb","build":"182.5107.16.33.5264788","bucket":"-1","time":1553061993771,"group":{"id":"ui.dialogs","version":"2"},"event":{"count":1,"data":{"code":1,"type":"close"},"id":"com.intellij.openapi.vfs.encoding.IncompatibleEncodingDialog"}}
{"session":"6bc7796798bb","build":"182.5107.16.33.5264788","bucket":"-1","time":1553061996193,"group":{"id":"codeassists","version":"2"},"event":{"count":1,"data":{},"id":"codeassists.quickFix"}}
{"session":"6bc7796798bb","build":"182.5107.16.33.5264788","bucket":"-1","time":1553061999990,"group":{"id":"ui.dialogs","version":"2"},"event":{"count":1,"data":{"type":"show"},"id":"com.intellij.openapi.vfs.encoding.IncompatibleEncodingDialog"}}
{"session":"6bc7796798bb","build":"182.5107.16.33.5264788","bucket":"-1","time":1553062002005,"group":{"id":"ui.dialogs","version":"2"},"event":{"count":1,"data":{"type":"show"},"id":"com.intellij.openapi.ui.messages.MessageDialog"}}
{"session":"6bc7796798bb","build":"182.5107.16.33.5264788","bucket":"-1","time":1553062006496,"group":{"id":"ui.dialogs","version":"2"},"event":{"count":1,"data":{"code":2,"type":"close"},"id":"com.intellij.openapi.vfs.encoding.IncompatibleEncodingDialog"}}
{"session":"6bc7796798bb","build":"182.5107.16.33.5264788","bucket":"-1","time":1553062016461,"group":{"id":"lifecycle","version":"2"},"event":{"count":1,"data":{},"id":"project.closed"}}
{"session":"6bc7796798bb","build":"182.5107.16.33.5264788","bucket":"-1","time":1553062024856,"group":{"id":"actions","version":"2"},"event":{"count":1,"data":{},"id":"NewProject"}}
{"session":"6bc7796798bb","build":"182.5107.16.33.5264788","bucket":"-1","time":1553062024918,"group":{"id":"ui.dialogs","version":"2"},"event":{"count":1,"data":{"type":"show"},"id":"com.android.tools.idea.wizard.model.ModelWizardDialog"}}
{"session":"6bc7796798bb","build":"182.5107.16.33.5264788","bucket":"-1","time":1553062028957,"group":{"id":"actions","version":"2"},"event":{"count":31,"data":{},"id":"EditorBackSpace"}}
{"session":"6bc7796798bb","build":"182.5107.16.33.5264788","bucket":"-1","time":1553062048208,"group":{"id":"ui.dialogs","version":"2"},"event":{"count":1,"data":{"type":"show"},"id":"com.intellij.openapi.fileChooser.ex.FileChooserDialogImpl"}}
{"session":"6bc7796798bb","build":"182.5107.16.33.5264788","bucket":"-1","time":1553062053861,"group":{"id":"ui.dialogs","version":"2"},"event":{"count":1,"data":{"code":0,"type":"close"},"id":"com.intellij.openapi.fileChooser.ex.FileChooserDialogImpl"}}
{"session":"6bc7796798bb","build":"182.5107.16.33.5264788","bucket":"-1","time":1553062069611,"group":{"id":"ui.dialogs","version":"2"},"event":{"count":3,"data":{"type":"show"},"id":"com.intellij.openapi.ui.messages.MessageDialog"}}
{"session":"6bc7796798bb","build":"182.5107.16.33.5264788","bucket":"-1","time":1553062089402,"group":{"id":"ui.dialogs","version":"2"},"event":{"count":1,"data":{"code":0,"type":"close"},"id":"com.android.tools.idea.wizard.model.ModelWizardDialog"}}
{"session":"6bc7796798bb","build":"182.5107.16.33.5264788","bucket":"-1","time":1553062089538,"group":{"id":"lifecycle","version":"2"},"event":{"count":1,"data":{},"id":"project.opened"}}
{"session":"6bc7796798bb","build":"182.5107.16.33.5264788","bucket":"-1","time":1553062090555,"group":{"id":"toolwindow","version":"2"},"event":{"count":1,"data":{},"id":"Project_by_Activation"}}
{"session":"6bc7796798bb","build":"182.5107.16.33.5264788","bucket":"-1","time":1553062090617,"group":{"id":"lifecycle","version":"2"},"event":{"count":1,"data":{"time.ms":22189},"id":"project.opening.finished"}}
{"session":"6bc7796798bb","build":"182.5107.16.33.5264788","bucket":"-1","time":1553062095789,"group":{"id":"trigger","version":"2"},"event":{"count":1,"data":{},"id":"StripeButton[Android_Profiler].hidden"}}
{"session":"6bc7796798bb","build":"182.5107.16.33.5264788","bucket":"-1","time":1553062103114,"group":{"id":"system.os.name","version":"2"},"event":{"data":{},"id":"Windows"}}
{"session":"6bc7796798bb","build":"182.5107.16.33.5264788","bucket":"-1","time":1553062103114,"group":{"id":"system.os.version","version":"2"},"event":{"data":{},"id":"10.0"}}
{"session":"6bc7796798bb","build":"182.5107.16.33.5264788","bucket":"-1","time":1553062103114,"group":{"id":"system.jvm.vendor","version":"2"},"event":{"data":{},"id":"JetBrains_s.r.o"}}
{"session":"6bc7796798bb","build":"182.5107.16.33.5264788","bucket":"-1","time":1553062103114,"group":{"id":"system.jvm.version","version":"2"},"event":{"data":{},"id":"1.8"}}
{"session":"6bc7796798bb","build":"182.5107.16.33.5264788","bucket":"-1","time":1553062126225,"group":{"id":"ui.dialogs","version":"2"},"event":{"count":1,"data":{"type":"show"},"id":"org.jetbrains.kotlin.idea.framework.ui.ConfigureDialogWithModulesAndVersion"}}
{"session":"6bc7796798bb","build":"182.5107.16.33.5264788","bucket":"-1","time":1553062128804,"group":{"id":"ui.dialogs","version":"2"},"event":{"count":1,"data":{"code":0,"type":"close"},"id":"org.jetbrains.kotlin.idea.framework.ui.ConfigureDialogWithModulesAndVersion"}}
{"session":"6bc7796798bb","build":"182.5107.16.33.5264788","bucket":"-1","time":1553062164072,"group":{"id":"actions","version":"2"},"event":{"count":9,"data":{},"id":"EditorDown"}}
{"session":"6bc7796798bb","build":"182.5107.16.33.5264788","bucket":"-1","time":1553062171572,"group":{"id":"actions","version":"2"},"event":{"count":1,"data":{},"id":"CheckinProject"}}
{"session":"6bc7796798bb","build":"182.5107.16.33.5264788","bucket":"-1","time":1553062172416,"group":{"id":"ui.dialogs","version":"2"},"event":{"count":1,"data":{"type":"show"},"id":"com.intellij.openapi.progress.util.ProgressDialog$MyDialogWrapper"}}
{"session":"6bc7796798bb","build":"182.5107.16.33.5264788","bucket":"-1","time":1553062174479,"group":{"id":"ui.dialogs","version":"2"},"event":{"count":1,"data":{"type":"show"},"id":"com.intellij.openapi.vcs.changes.ui.CommitChangeListDialog"}}
{"session":"6bc7796798bb","build":"182.5107.16.33.5264788","bucket":"-1","time":1553062174957,"group":{"id":"ui.dialogs","version":"2"},"event":{"count":1,"data":{"code":1,"type":"close"},"id":"com.intellij.openapi.progress.util.ProgressDialog$MyDialogWrapper"}}
{"session":"6bc7796798bb","build":"182.5107.16.33.5264788","bucket":"-1","time":1553062183991,"group":{"id":"trigger","version":"2"},"event":{"count":1,"data":{},"id":"diff.DiffSettings.Tool.Unified_viewer"}}
{"session":"6bc7796798bb","build":"182.5107.16.33.5264788","bucket":"-1","time":1553062189836,"group":{"id":"trigger","version":"2"},"event":{"count":1,"data":{},"id":"diff.TextDiffSettings.HighlightPolicy.DO_NOT_HIGHLIGHT"}}
{"session":"6bc7796798bb","build":"182.5107.16.33.5264788","bucket":"-1","time":1553062201900,"group":{"id":"actions","version":"2"},"event":{"count":1,"data":{},"id":"EditorStartNewLine"}}
{"session":"6bc7796798bb","build":"182.5107.16.33.5264788","bucket":"-1","time":1553062203213,"group":{"id":"actions","version":"2"},"event":{"count":2,"data":{},"id":"EditorBackSpace"}}
{"session":"6bc7796798bb","build":"182.5107.16.33.5264788","bucket":"-1","time":1553062205760,"group":{"id":"actions","version":"2"},"event":{"count":1,"data":{},"id":"EditorLeft"}}
{"session":"6bc7796798bb","build":"182.5107.16.33.5264788","bucket":"-1","time":1553062217916,"group":{"id":"ui.dialogs","version":"2"},"event":{"count":1,"data":{"type":"show"},"id":"com.intellij.openapi.ui.messages.MessageDialog"}}
{"session":"6bc7796798bb","build":"182.5107.16.33.5264788","bucket":"-1","time":1553062248027,"group":{"id":"ui.dialogs","version":"2"},"event":{"count":1,"data":{"type":"show"},"id":"com.intellij.openapi.ui.messages.MessageDialog"}}
{"session":"6bc7796798bb","build":"182.5107.16.33.5264788","bucket":"-1","time":1553062285640,"group":{"id":"ui.dialogs","version":"2"},"event":{"count":1,"data":{"type":"show"},"id":"com.intellij.openapi.ui.messages.MessageDialog"}}
{"session":"6bc7796798bb","build":"182.5107.16.33.5264788","bucket":"-1","time":1553062291447,"group":{"id":"ui.dialogs","version":"2"},"event":{"count":1,"data":{"code":0,"type":"close"},"id":"com.intellij.openapi.vcs.changes.ui.CommitChangeListDialog"}}
{"session":"6bc7796798bb","build":"182.5107.16.33.5264788","bucket":"-1","time":1553062403147,"group":{"id":"actions","version":"2"},"event":{"count":1,"data":{},"id":"CheckinProject"}}
{"session":"6bc7796798bb","build":"182.5107.16.33.5264788","bucket":"-1","time":1553062404210,"group":{"id":"ui.dialogs","version":"2"},"event":{"count":1,"data":{"type":"show"},"id":"com.intellij.openapi.vcs.changes.ui.CommitChangeListDialog"}}
{"session":"6bc7796798bb","build":"182.5107.16.33.5264788","bucket":"-1","time":1553062407022,"group":{"id":"ui.dialogs","version":"2"},"event":{"count":2,"data":{"type":"show"},"id":"com.intellij.openapi.ui.messages.MessageDialog"}}
{"session":"6bc7796798bb","build":"182.5107.16.33.5264788","bucket":"-1","time":1553062424788,"group":{"id":"ui.dialogs","version":"2"},"event":{"count":1,"data":{"code":1,"type":"close"},"id":"com.intellij.openapi.vcs.changes.ui.CommitChangeListDialog"}}
{"session":"6bc7796798bb","build":"182.5107.16.33.5264788","bucket":"-1","time":1553062427722,"group":{"id":"actions","version":"2"},"event":{"count":1,"data":{},"id":"CheckinProject"}}
{"session":"6bc7796798bb","build":"182.5107.16.33.5264788","bucket":"-1","time":1553062428253,"group":{"id":"ui.dialogs","version":"2"},"event":{"count":1,"data":{"type":"show"},"id":"com.intellij.openapi.vcs.changes.ui.CommitChangeListDialog"}}
{"session":"6bc7796798bb","build":"182.5107.16.33.5264788","bucket":"-1","time":1553062434978,"group":{"id":"ui.dialogs","version":"2"},"event":{"count":1,"data":{"code":1,"type":"close"},"id":"com.intellij.openapi.vcs.changes.ui.CommitChangeListDialog"}}
{"session":"6bc7796798bb","build":"182.5107.16.33.5264788","bucket":"-1","time":1553062455837,"group":{"id":"toolwindow","version":"2"},"event":{"count":1,"data":{},"id":"Build_by_Activation"}}
{"session":"6bc7796798bb","build":"182.5107.16.33.5264788","bucket":"-1","time":1553062488868,"group":{"id":"toolwindow","version":"2"},"event":{"count":1,"data":{},"id":"Logcat_by_Activation"}}
{"session":"6bc7796798bb","build":"182.5107.16.33.5264788","bucket":"-1","time":1553062523947,"group":{"id":"toolwindow","version":"2"},"event":{"count":1,"data":{},"id":"TODO_by_Activation"}}
{"session":"6bc7796798bb","build":"182.5107.16.33.5264788","bucket":"-1","time":1553062526963,"group":{"id":"toolwindow","version":"2"},"event":{"count":1,"data":{},"id":"Version_Control_by_Activation"}}
{"session":"6bc7796798bb","build":"182.5107.16.33.5264788","bucket":"-1","time":1553062529666,"group":{"id":"toolwindow","version":"2"},"event":{"count":1,"data":{},"id":"Terminal_by_Activation"}}
{"session":"6bc7796798bb","build":"182.5107.16.33.5264788","bucket":"-1","time":1553062530791,"group":{"id":"toolwindow","version":"2"},"event":{"count":1,"data":{},"id":"Build_by_Activation"}}
{"session":"6bc7796798bb","build":"182.5107.16.33.5264788","bucket":"-1","time":1553062532072,"group":{"id":"trigger","version":"2"},"event":{"count":1,"data":{},"id":"terminal.win"}}
{"session":"6bc7796798bb","build":"182.5107.16.33.5264788","bucket":"-1","time":1553062798204,"group":{"id":"actions","version":"2"},"event":{"count":1,"data":{},"id":"CheckinProject"}}
{"session":"6bc7796798bb","build":"182.5107.16.33.5264788","bucket":"-1","time":1553062798611,"group":{"id":"ui.dialogs","version":"2"},"event":{"count":1,"data":{"type":"show"},"id":"com.intellij.openapi.vcs.changes.ui.CommitChangeListDialog"}}
{"session":"6bc7796798bb","build":"182.5107.16.33.5264788","bucket":"-1","time":1553062803606,"group":{"id":"actions","version":"2"},"event":{"count":2,"data":{},"id":"EditorLeft"}}
{"session":"6bc7796798bb","build":"182.5107.16.33.5264788","bucket":"-1","time":1553062804466,"group":{"id":"actions","version":"2"},"event":{"count":9,"data":{},"id":"EditorRight"}}
{"session":"6bc7796798bb","build":"182.5107.16.33.5264788","bucket":"-1","time":1553062806903,"group":{"id":"actions","version":"2"},"event":{"count":1,"data":{},"id":"EditorBackSpace"}}
{"session":"6bc7796798bb","build":"182.5107.16.33.5264788","bucket":"-1","time":1553062819435,"group":{"id":"actions","version":"2"},"event":{"count":1,"data":{},"id":"ChangesView.Refresh"}}
{"session":"6bc7796798bb","build":"182.5107.16.33.5264788","bucket":"-1","time":1553062836029,"group":{"id":"ui.dialogs","version":"2"},"event":{"count":1,"data":{"code":0,"type":"close"},"id":"com.intellij.openapi.vcs.changes.ui.CommitChangeListDialog"}}
{"session":"6bc7796798bb","build":"182.5107.16.33.5264788","bucket":"-1","time":1553062864192,"group":{"id":"actions","version":"2"},"event":{"count":1,"data":{},"id":"TemplateProjectProperties"}}
{"session":"6bc7796798bb","build":"182.5107.16.33.5264788","bucket":"-1","time":1553062864316,"group":{"id":"ui.dialogs","version":"2"},"event":{"count":1,"data":{"type":"show"},"id":"com.intellij.openapi.options.newEditor.SettingsDialog"}}
{"session":"6bc7796798bb","build":"182.5107.16.33.5264788","bucket":"-1","time":1553062864538,"group":{"id":"ui.settings","version":"2"},"event":{"count":1,"data":{"type":"select"},"id":"ide.settings.Appearance_&_Behavior"}}
{"session":"6bc7796798bb","build":"182.5107.16.33.5264788","bucket":"-1","time":1553062869190,"group":{"id":"ui.settings","version":"2"},"event":{"count":1,"data":{"type":"select"},"id":"ide.settings.Other_Settings"}}
{"session":"6bc7796798bb","build":"182.5107.16.33.5264788","bucket":"-1","time":1553062870268,"group":{"id":"ui.settings","version":"2"},"event":{"count":1,"data":{"type":"select"},"id":"ide.settings.Editor"}}
{"session":"6bc7796798bb","build":"182.5107.16.33.5264788","bucket":"-1","time":1553062871806,"group":{"id":"ui.dialogs","version":"2"},"event":{"count":1,"data":{"code":1,"type":"close"},"id":"com.intellij.openapi.options.newEditor.SettingsDialog"}}
{"session":"6bc7796798bb","build":"182.5107.16.33.5264788","bucket":"-1","time":1553062879625,"group":{"id":"actions","version":"2"},"event":{"count":1,"data":{},"id":"CheckinFiles"}}
{"session":"6bc7796798bb","build":"182.5107.16.33.5264788","bucket":"-1","time":1553062880266,"group":{"id":"ui.dialogs","version":"2"},"event":{"count":1,"data":{"type":"show"},"id":"com.intellij.openapi.ui.messages.MessageDialog"}}
{"session":"6bc7796798bb","build":"182.5107.16.33.5264788","bucket":"-1","time":1553062890047,"group":{"id":"actions","version":"2"},"event":{"count":1,"data":{},"id":"CheckinProject"}}
{"session":"6bc7796798bb","build":"182.5107.16.33.5264788","bucket":"-1","time":1553062893221,"group":{"id":"ui.dialogs","version":"2"},"event":{"count":1,"data":{"type":"show"},"id":"com.intellij.openapi.ui.messages.MessageDialog"}}
{"session":"6bc7796798bb","build":"182.5107.16.33.5264788","bucket":"-1","time":1553062896895,"group":{"id":"toolwindow","version":"2"},"event":{"count":1,"data":{},"id":"Project_by_Activation"}}
{"session":"6bc7796798bb","build":"182.5107.16.33.5264788","bucket":"-1","time":1553062903605,"group":{"id":"toolwindow","version":"2"},"event":{"count":1,"data":{},"id":"Build_by_Activation"}}
{"session":"6bc7796798bb","build":"182.5107.16.33.5264788","bucket":"-1","time":1553062914196,"group":{"id":"actions","version":"2"},"event":{"count":1,"data":{},"id":"Git.Reset"}}
{"session":"6bc7796798bb","build":"182.5107.16.33.5264788","bucket":"-1","time":1553062914305,"group":{"id":"ui.dialogs","version":"2"},"event":{"count":1,"data":{"type":"show"},"id":"git4idea.ui.GitResetDialog"}}
{"session":"6bc7796798bb","build":"182.5107.16.33.5264788","bucket":"-1","time":1553062916772,"group":{"id":"ui.dialogs","version":"2"},"event":{"count":1,"data":{"code":1,"type":"close"},"id":"git4idea.ui.GitResetDialog"}}
{"session":"6bc7796798bb","build":"182.5107.16.33.5264788","bucket":"-1","time":1553062927080,"group":{"id":"actions","version":"2"},"event":{"count":1,"data":{},"id":"Vcs.Push"}}
{"session":"6bc7796798bb","build":"182.5107.16.33.5264788","bucket":"-1","time":1553062927142,"group":{"id":"ui.dialogs","version":"2"},"event":{"count":1,"data":{"type":"show"},"id":"com.intellij.dvcs.push.ui.VcsPushDialog"}}
{"session":"6bc7796798bb","build":"182.5107.16.33.5264788","bucket":"-1","time":1553062947483,"group":{"id":"actions","version":"2"},"event":{"count":1,"data":{},"id":"ChangesView.GroupBy"}}
{"session":"6bc7796798bb","build":"182.5107.16.33.5264788","bucket":"-1","time":1553062949796,"group":{"id":"ui.dialogs","version":"2"},"event":{"count":1,"data":{"code":1,"type":"close"},"id":"com.intellij.dvcs.push.ui.VcsPushDialog"}}
{"session":"6bc7796798bb","build":"182.5107.16.33.5264788","bucket":"-1","time":1553062966131,"group":{"id":"actions","version":"2"},"event":{"count":1,"data":{},"id":"Git.Pull"}}
{"session":"6bc7796798bb","build":"182.5107.16.33.5264788","bucket":"-1","time":1553062966303,"group":{"id":"ui.dialogs","version":"2"},"event":{"count":1,"data":{"type":"show"},"id":"git4idea.merge.GitPullDialog"}}
{"session":"6bc7796798bb","build":"182.5107.16.33.5264788","bucket":"-1","time":1553062982350,"group":{"id":"ui.dialogs","version":"2"},"event":{"count":1,"data":{"type":"show"},"id":"com.intellij.openapi.progress.util.ProgressDialog$MyDialogWrapper"}}
{"session":"6bc7796798bb","build":"182.5107.16.33.5264788","bucket":"-1","time":1553062988851,"group":{"id":"ui.dialogs","version":"2"},"event":{"count":1,"data":{"code":1,"type":"close"},"id":"com.intellij.openapi.progress.util.ProgressDialog$MyDialogWrapper"}}
{"session":"6bc7796798bb","build":"182.5107.16.33.5264788","bucket":"-1","time":1553063004554,"group":{"id":"ui.dialogs","version":"2"},"event":{"count":1,"data":{"code":0,"type":"close"},"id":"git4idea.merge.GitPullDialog"}}
{"session":"6bc7796798bb","build":"182.5107.16.33.5264788","bucket":"-1","time":1553063012232,"group":{"id":"actions","version":"2"},"event":{"count":1,"data":{},"id":"Vcs.Push"}}
{"session":"6bc7796798bb","build":"182.5107.16.33.5264788","bucket":"-1","time":1553063012248,"group":{"id":"ui.dialogs","version":"2"},"event":{"count":1,"data":{"type":"show"},"id":"com.intellij.dvcs.push.ui.VcsPushDialog"}}
{"session":"6bc7796798bb","build":"182.5107.16.33.5264788","bucket":"-1","time":1553063020378,"group":{"id":"ui.dialogs","version":"2"},"event":{"count":1,"data":{"code":0,"type":"close"},"id":"com.intellij.dvcs.push.ui.VcsPushDialog"}}
{"session":"6bc7796798bb","build":"182.5107.16.33.5264788","bucket":"-1","time":1553063020728,"group":{"id":"toolwindow","version":"2"},"event":{"count":1,"data":{},"id":"Version_Control_by_Activation"}}
{"session":"6bc7796798bb","build":"182.5107.16.33.5264788","bucket":"-1","time":1553063044962,"group":{"id":"actions","version":"2"},"event":{"count":1,"data":{},"id":"Git.Branches"}}
{"session":"6bc7796798bb","build":"182.5107.16.33.5264788","bucket":"-1","time":1553063049291,"group":{"id":"ui.dialogs","version":"2"},"event":{"count":1,"data":{"type":"show"},"id":"git4idea.branch.GitNewBranchDialog"}}
{"session":"6bc7796798bb","build":"182.5107.16.33.5264788","bucket":"-1","time":1553063062802,"group":{"id":"ui.dialogs","version":"2"},"event":{"count":1,"data":{"code":1,"type":"close"},"id":"git4idea.branch.GitNewBranchDialog"}}
{"session":"6bc7796798bb","build":"182.5107.16.33.5264788","bucket":"-1","time":1553063144901,"group":{"id":"actions","version":"2"},"event":{"count":1,"data":{},"id":"Android.SyncProject"}}
{"session":"6bc7796798bb","build":"182.5107.16.33.5264788","bucket":"-1","time":1553063149198,"group":{"id":"toolwindow","version":"2"},"event":{"count":1,"data":{},"id":"Logcat_by_Activation"}}
{"session":"6bc7796798bb","build":"182.5107.16.33.5264788","bucket":"-1","time":1553063150698,"group":{"id":"toolwindow","version":"2"},"event":{"count":1,"data":{},"id":"Build_by_Activation"}}
{"session":"6bc7796798bb","build":"182.5107.16.33.5264788","bucket":"-1","time":1553063190683,"group":{"id":"actions","version":"2"},"event":{"count":1,"data":{},"id":"Git.Configure.Remotes"}}
{"session":"6bc7796798bb","build":"182.5107.16.33.5264788","bucket":"-1","time":1553063190746,"group":{"id":"ui.dialogs","version":"2"},"event":{"count":1,"data":{"type":"show"},"id":"git4idea.remote.GitConfigureRemotesDialog"}}
{"session":"6bc7796798bb","build":"182.5107.16.33.5264788","bucket":"-1","time":1553063193855,"group":{"id":"ui.dialogs","version":"2"},"event":{"count":1,"data":{"type":"show"},"id":"git4idea.remote.GitDefineRemoteDialog"}}
{"session":"6bc7796798bb","build":"182.5107.16.33.5264788","bucket":"-1","time":1553063210996,"group":{"id":"actions","version":"2"},"event":{"count":16,"data":{},"id":"EditorBackSpace"}}
{"session":"6bc7796798bb","build":"182.5107.16.33.5264788","bucket":"-1","time":1553063229059,"group":{"id":"actions","version":"2"},"event":{"count":1,"data":{},"id":"EditorBackSpace"}}
{"session":"6bc7796798bb","build":"182.5107.16.33.5264788","bucket":"-1","time":1553063286966,"group":{"id":"actions","version":"2"},"event":{"count":1,"data":{},"id":"$SelectAll"}}
{"session":"6bc7796798bb","build":"182.5107.16.33.5264788","bucket":"-1","time":1553063288106,"group":{"id":"actions","version":"2"},"event":{"count":1,"data":{},"id":"EditorCopy"}}
{"session":"6bc7796798bb","build":"182.5107.16.33.5264788","bucket":"-1","time":1553063290403,"group":{"id":"actions","version":"2"},"event":{"count":1,"data":{},"id":"EditorPaste"}}
{"session":"6bc7796798bb","build":"182.5107.16.33.5264788","bucket":"-1","time":1553063297246,"group":{"id":"actions","version":"2"},"event":{"count":1,"data":{},"id":"$SelectAll"}}
{"session":"6bc7796798bb","build":"182.5107.16.33.5264788","bucket":"-1","time":1553063297683,"group":{"id":"actions","version":"2"},"event":{"count":1,"data":{},"id":"EditorDeleteToWordStart"}}
{"session":"6bc7796798bb","build":"182.5107.16.33.5264788","bucket":"-1","time":1553063307355,"group":{"id":"actions","version":"2"},"event":{"count":8,"data":{},"id":"EditorBackSpace"}}
{"session":"6bc7796798bb","build":"182.5107.16.33.5264788","bucket":"-1","time":1553063320465,"group":{"id":"ui.dialogs","version":"2"},"event":{"count":1,"data":{"type":"show"},"id":"com.intellij.openapi.progress.util.ProgressDialog$MyDialogWrapper"}}
{"session":"6bc7796798bb","build":"182.5107.16.33.5264788","bucket":"-1","time":1553063321855,"group":{"id":"ui.dialogs","version":"2"},"event":{"count":1,"data":{"code":1,"type":"close"},"id":"com.intellij.openapi.progress.util.ProgressDialog$MyDialogWrapper"}}
{"session":"6bc7796798bb","build":"182.5107.16.33.5264788","bucket":"-1","time":1553063321855,"group":{"id":"ui.dialogs","version":"2"},"event":{"count":1,"data":{"code":0,"type":"close"},"id":"git4idea.remote.GitDefineRemoteDialog"}}
{"session":"6bc7796798bb","build":"182.5107.16.33.5264788","bucket":"-1","time":1553063328777,"group":{"id":"ui.dialogs","version":"2"},"event":{"count":1,"data":{"type":"show"},"id":"com.intellij.openapi.ui.messages.MessageDialog"}}
{"session":"6bc7796798bb","build":"182.5107.16.33.5264788","bucket":"-1","time":1553063332769,"group":{"id":"ui.dialogs","version":"2"},"event":{"count":1,"data":{"code":0,"type":"close"},"id":"git4idea.remote.GitConfigureRemotesDialog"}}
{"session":"6bc7796798bb","build":"182.5107.16.33.5264788","bucket":"-1","time":1553063341551,"group":{"id":"actions","version":"2"},"event":{"count":1,"data":{},"id":"CheckinProject"}}
{"session":"6bc7796798bb","build":"182.5107.16.33.5264788","bucket":"-1","time":1553063342238,"group":{"id":"ui.dialogs","version":"2"},"event":{"count":1,"data":{"type":"show"},"id":"com.intellij.openapi.ui.messages.MessageDialog"}}
{"session":"6bc7796798bb","build":"182.5107.16.33.5264788","bucket":"-1","time":1553063347299,"group":{"id":"actions","version":"2"},"event":{"count":1,"data":{},"id":"CheckinProject"}}
{"session":"6bc7796798bb","build":"182.5107.16.33.5264788","bucket":"-1","time":1553063347659,"group":{"id":"ui.dialogs","version":"2"},"event":{"count":1,"data":{"type":"show"},"id":"com.intellij.openapi.ui.messages.MessageDialog"}}
{"session":"6bc7796798bb","build":"182.5107.16.33.5264788","bucket":"-1","time":1553063353653,"group":{"id":"actions","version":"2"},"event":{"count":1,"data":{},"id":"Vcs.Push"}}
{"session":"6bc7796798bb","build":"182.5107.16.33.5264788","bucket":"-1","time":1553063353669,"group":{"id":"ui.dialogs","version":"2"},"event":{"count":1,"data":{"type":"show"},"id":"com.intellij.dvcs.push.ui.VcsPushDialog"}}
{"session":"6bc7796798bb","build":"182.5107.16.33.5264788","bucket":"-1","time":1553063363044,"group":{"id":"ui.dialogs","version":"2"},"event":{"count":1,"data":{"code":1,"type":"close"},"id":"com.intellij.dvcs.push.ui.VcsPushDialog"}}
{"session":"6bc7796798bb","build":"182.5107.16.33.5264788","bucket":"-1","time":1553063370093,"group":{"id":"actions","version":"2"},"event":{"count":1,"data":{},"id":"Vcs.RefreshStatuses"}}
{"session":"6bc7796798bb","build":"182.5107.16.33.5264788","bucket":"-1","time":1553063376265,"group":{"id":"actions","version":"2"},"event":{"count":1,"data":{},"id":"Vcs.Push"}}
{"session":"6bc7796798bb","build":"182.5107.16.33.5264788","bucket":"-1","time":1553063376280,"group":{"id":"ui.dialogs","version":"2"},"event":{"count":1,"data":{"type":"show"},"id":"com.intellij.dvcs.push.ui.VcsPushDialog"}}
{"session":"6bc7796798bb","build":"182.5107.16.33.5264788","bucket":"-1","time":1553063378280,"group":{"id":"ui.dialogs","version":"2"},"event":{"count":1,"data":{"code":0,"type":"close"},"id":"com.intellij.dvcs.push.ui.VcsPushDialog"}}
{"session":"6bc7796798bb","build":"182.5107.16.33.5264788","bucket":"-1","time":1553063406740,"group":{"id":"actions","version":"2"},"event":{"count":1,"data":{},"id":"Git.Configure.Remotes"}}
{"session":"6bc7796798bb","build":"182.5107.16.33.5264788","bucket":"-1","time":1553063406740,"group":{"id":"ui.dialogs","version":"2"},"event":{"count":1,"data":{"type":"show"},"id":"git4idea.remote.GitConfigureRemotesDialog"}}
{"session":"6bc7796798bb","build":"182.5107.16.33.5264788","bucket":"-1","time":1553063410998,"group":{"id":"ui.dialogs","version":"2"},"event":{"count":1,"data":{"type":"show"},"id":"git4idea.remote.GitDefineRemoteDialog"}}
{"session":"6bc7796798bb","build":"182.5107.16.33.5264788","bucket":"-1","time":1553063414289,"group":{"id":"actions","version":"2"},"event":{"count":1,"data":{},"id":"EditorPaste"}}
{"session":"6bc7796798bb","build":"182.5107.16.33.5264788","bucket":"-1","time":1553063423055,"group":{"id":"ui.dialogs","version":"2"},"event":{"count":1,"data":{"type":"show"},"id":"com.intellij.openapi.progress.util.ProgressDialog$MyDialogWrapper"}}
{"session":"6bc7796798bb","build":"182.5107.16.33.5264788","bucket":"-1","time":1553063424086,"group":{"id":"ui.dialogs","version":"2"},"event":{"count":1,"data":{"code":1,"type":"close"},"id":"com.intellij.openapi.progress.util.ProgressDialog$MyDialogWrapper"}}
{"session":"6bc7796798bb","build":"182.5107.16.33.5264788","bucket":"-1","time":1553063424102,"group":{"id":"ui.dialogs","version":"2"},"event":{"count":1,"data":{"code":0,"type":"close"},"id":"git4idea.remote.GitDefineRemoteDialog"}}
{"session":"6bc7796798bb","build":"182.5107.16.33.5264788","bucket":"-1","time":1553063426118,"group":{"id":"ui.dialogs","version":"2"},"event":{"count":1,"data":{"type":"show"},"id":"git4idea.remote.GitDefineRemoteDialog"}}
{"session":"6bc7796798bb","build":"182.5107.16.33.5264788","bucket":"-1","time":1553063427633,"group":{"id":"ui.dialogs","version":"2"},"event":{"count":1,"data":{"code":1,"type":"close"},"id":"git4idea.remote.GitDefineRemoteDialog"}}
{"session":"6bc7796798bb","build":"182.5107.16.33.5264788","bucket":"-1","time":1553063432300,"group":{"id":"ui.dialogs","version":"2"},"event":{"count":1,"data":{"type":"show"},"id":"com.intellij.openapi.ui.messages.MessageDialog"}}
{"session":"6bc7796798bb","build":"182.5107.16.33.5264788","bucket":"-1","time":1553063435714,"group":{"id":"ui.dialogs","version":"2"},"event":{"count":1,"data":{"code":0,"type":"close"},"id":"git4idea.remote.GitConfigureRemotesDialog"}}
{"session":"6bc7796798bb","build":"182.5107.16.33.5264788","bucket":"-1","time":1553063442277,"group":{"id":"actions","version":"2"},"event":{"count":1,"data":{},"id":"Vcs.RefreshStatuses"}}
{"session":"6bc7796798bb","build":"182.5107.16.33.5264788","bucket":"-1","time":1553063452574,"group":{"id":"actions","version":"2"},"event":{"count":1,"data":{},"id":"Vcs.Push"}}
{"session":"6bc7796798bb","build":"182.5107.16.33.5264788","bucket":"-1","time":1553063452589,"group":{"id":"ui.dialogs","version":"2"},"event":{"count":1,"data":{"type":"show"},"id":"com.intellij.dvcs.push.ui.VcsPushDialog"}}
{"session":"6bc7796798bb","build":"182.5107.16.33.5264788","bucket":"-1","time":1553063469759,"group":{"id":"ui.dialogs","version":"2"},"event":{"count":1,"data":{"code":0,"type":"close"},"id":"com.intellij.dvcs.push.ui.VcsPushDialog"}}
{"session":"6bc7796798bb","build":"182.5107.16.33.5264788","bucket":"-1","time":1553063582779,"group":{"id":"lifecycle","version":"2"},"event":{"count":1,"data":{},"id":"project.closed"}}
{"session":"6bc7796798bb","build":"182.5107.16.33.5264788","bucket":"-1","time":1553063600970,"group":{"id":"actions","version":"2"},"event":{"count":1,"data":{},"id":"CheckinProject"}}
{"session":"6bc7796798bb","build":"182.5107.16.33.5264788","bucket":"-1","time":1553063601876,"group":{"id":"ui.dialogs","version":"2"},"event":{"count":1,"data":{"type":"show"},"id":"com.intellij.openapi.vcs.changes.ui.CommitChangeListDialog"}}
{"session":"6bc7796798bb","build":"182.5107.16.33.5264788","bucket":"-1","time":1553063607477,"group":{"id":"ui.dialogs","version":"2"},"event":{"count":1,"data":{"type":"show"},"id":"com.intellij.openapi.progress.util.ProgressDialog$MyDialogWrapper"}}
{"session":"6bc7796798bb","build":"182.5107.16.33.5264788","bucket":"-1","time":1553063608258,"group":{"id":"ui.dialogs","version":"2"},"event":{"count":1,"data":{"code":1,"type":"close"},"id":"com.intellij.openapi.progress.util.ProgressDialog$MyDialogWrapper"}}
{"session":"6bc7796798bb","build":"182.5107.16.33.5264788","bucket":"-1","time":1553063608586,"group":{"id":"ui.dialogs","version":"2"},"event":{"count":1,"data":{"type":"show"},"id":"com.intellij.openapi.progress.util.ProgressDialog$MyDialogWrapper"}}
{"session":"6bc7796798bb","build":"182.5107.16.33.5264788","bucket":"-1","time":1553063609008,"group":{"id":"ui.dialogs","version":"2"},"event":{"count":1,"data":{"code":1,"type":"close"},"id":"com.intellij.openapi.progress.util.ProgressDialog$MyDialogWrapper"}}
{"session":"6bc7796798bb","build":"182.5107.16.33.5264788","bucket":"-1","time":1553063609008,"group":{"id":"ui.dialogs","version":"2"},"event":{"count":1,"data":{"code":0,"type":"close"},"id":"com.intellij.openapi.vcs.changes.ui.CommitChangeListDialog"}}
{"session":"6bc7796798bb","build":"182.5107.16.33.5264788","bucket":"-1","time":1553063617701,"group":{"id":"actions","version":"2"},"event":{"count":1,"data":{},"id":"Vcs.Push"}}
{"session":"6bc7796798bb","build":"182.5107.16.33.5264788","bucket":"-1","time":1553063617717,"group":{"id":"ui.dialogs","version":"2"},"event":{"count":1,"data":{"type":"show"},"id":"com.intellij.dvcs.push.ui.VcsPushDialog"}}
{"session":"6bc7796798bb","build":"182.5107.16.33.5264788","bucket":"-1","time":1553063621274,"group":{"id":"ui.dialogs","version":"2"},"event":{"count":1,"data":{"code":1,"type":"close"},"id":"com.intellij.dvcs.push.ui.VcsPushDialog"}}
{"session":"6bc7796798bb","build":"182.5107.16.33.5264788","bucket":"-1","time":1553063623930,"group":{"id":"actions","version":"2"},"event":{"count":1,"data":{},"id":"Vcs.RefreshStatuses"}}
{"session":"6bc7796798bb","build":"182.5107.16.33.5264788","bucket":"-1","time":1553063631430,"group":{"id":"actions","version":"2"},"event":{"count":1,"data":{},"id":"Git.Configure.Remotes"}}
{"session":"6bc7796798bb","build":"182.5107.16.33.5264788","bucket":"-1","time":1553063631430,"group":{"id":"ui.dialogs","version":"2"},"event":{"count":1,"data":{"type":"show"},"id":"git4idea.remote.GitConfigureRemotesDialog"}}
