{"session":"ed5b2c54c923","build":"182.5107.16.33.5264788","bucket":"-1","time":1553042492911,"group":{"id":"ui.dialogs","version":"2"},"event":{"count":1,"data":{"type":"show"},"id":"com.intellij.openapi.progress.util.ProgressDialog$MyDialogWrapper"}}
{"session":"ed5b2c54c923","build":"182.5107.16.33.5264788","bucket":"-1","time":1553042494941,"group":{"id":"lifecycle","version":"2"},"event":{"count":1,"data":{"durationSeconds":23},"id":"ide.freeze"}}
{"session":"ed5b2c54c923","build":"182.5107.16.33.5264788","bucket":"-1","time":1553042501441,"group":{"id":"ui.dialogs","version":"2"},"event":{"count":1,"data":{"code":1,"type":"close"},"id":"com.intellij.openapi.progress.util.ProgressDialog$MyDialogWrapper"}}
{"session":"ed5b2c54c923","build":"182.5107.16.33.5264788","bucket":"-1","time":1553042501582,"group":{"id":"lifecycle","version":"2"},"event":{"count":1,"data":{},"id":"project.opened"}}
{"session":"ed5b2c54c923","build":"182.5107.16.33.5264788","bucket":"-1","time":1553042507363,"group":{"id":"ui.dialogs","version":"2"},"event":{"count":1,"data":{"type":"show"},"id":"com.intellij.openapi.progress.util.ProgressDialog$MyDialogWrapper"}}
{"session":"ed5b2c54c923","build":"182.5107.16.33.5264788","bucket":"-1","time":1553042508269,"group":{"id":"lifecycle","version":"2"},"event":{"count":1,"data":{"durationSeconds":7},"id":"ide.freeze"}}
{"session":"ed5b2c54c923","build":"182.5107.16.33.5264788","bucket":"-1","time":1553042516019,"group":{"id":"lifecycle","version":"2"},"event":{"count":1,"data":{},"id":"ideaapp.started"}}
{"session":"ed5b2c54c923","build":"182.5107.16.33.5264788","bucket":"-1","time":1553042516019,"group":{"id":"lifecycle","version":"2"},"event":{"count":1,"data":{},"id":"app.started"}}
{"session":"ed5b2c54c923","build":"182.5107.16.33.5264788","bucket":"-1","time":1553042517191,"group":{"id":"ui.dialogs","version":"2"},"event":{"count":1,"data":{"type":"show"},"id":"com.intellij.ide.util.TipDialog"}}
{"session":"ed5b2c54c923","build":"182.5107.16.33.5264788","bucket":"-1","time":1553042518909,"group":{"id":"ui.dialogs","version":"2"},"event":{"count":1,"data":{"code":1,"type":"close"},"id":"com.intellij.openapi.progress.util.ProgressDialog$MyDialogWrapper"}}
{"session":"ed5b2c54c923","build":"182.5107.16.33.5264788","bucket":"-1","time":1553042519065,"group":{"id":"lifecycle","version":"2"},"event":{"count":1,"data":{"time.ms":27109},"id":"project.opening.finished"}}
{"session":"ed5b2c54c923","build":"182.5107.16.33.5264788","bucket":"-1","time":1553042523955,"group":{"id":"ui.dialogs","version":"2"},"event":{"count":1,"data":{"code":1,"type":"close"},"id":"com.intellij.ide.util.TipDialog"}}
{"session":"ed5b2c54c923","build":"182.5107.16.33.5264788","bucket":"-1","time":1553042747474,"group":{"id":"system.os.name","version":"2"},"event":{"data":{},"id":"Windows"}}
{"session":"ed5b2c54c923","build":"182.5107.16.33.5264788","bucket":"-1","time":1553042747474,"group":{"id":"system.os.version","version":"2"},"event":{"data":{},"id":"10.0"}}
{"session":"ed5b2c54c923","build":"182.5107.16.33.5264788","bucket":"-1","time":1553042747474,"group":{"id":"system.jvm.vendor","version":"2"},"event":{"data":{},"id":"JetBrains_s.r.o"}}
{"session":"ed5b2c54c923","build":"182.5107.16.33.5264788","bucket":"-1","time":1553042747474,"group":{"id":"system.jvm.version","version":"2"},"event":{"data":{},"id":"1.8"}}
{"session":"ed5b2c54c923","build":"182.5107.16.33.5264788","bucket":"-1","time":1553042753365,"group":{"id":"toolwindow","version":"2"},"event":{"count":1,"data":{},"id":"Build_by_Activation"}}
{"session":"ed5b2c54c923","build":"182.5107.16.33.5264788","bucket":"-1","time":1553042793981,"group":{"id":"ui.dialogs","version":"2"},"event":{"count":1,"data":{"type":"show"},"id":"com.intellij.openapi.updateSettings.impl.UpdateInfoDialog"}}
{"session":"ed5b2c54c923","build":"182.5107.16.33.5264788","bucket":"-1","time":1553042796434,"group":{"id":"ui.dialogs","version":"2"},"event":{"count":1,"data":{"code":0,"type":"close"},"id":"com.intellij.openapi.updateSettings.impl.UpdateInfoDialog"}}
{"session":"ed5b2c54c923","build":"182.5107.16.33.5264788","bucket":"-1","time":1553042796528,"group":{"id":"toolwindow","version":"2"},"event":{"count":1,"data":{},"id":"Build_by_Activation"}}
{"session":"ed5b2c54c923","build":"182.5107.16.33.5264788","bucket":"-1","time":1553042796778,"group":{"id":"ui.dialogs","version":"2"},"event":{"count":1,"data":{"type":"show"},"id":"com.intellij.openapi.progress.util.ProgressDialog$MyDialogWrapper"}}
{"session":"ed5b2c54c923","build":"182.5107.16.33.5264788","bucket":"-1","time":1553042908029,"group":{"id":"ui.dialogs","version":"2"},"event":{"count":1,"data":{"code":1,"type":"close"},"id":"com.intellij.openapi.progress.util.ProgressDialog$MyDialogWrapper"}}
{"session":"ed5b2c54c923","build":"182.5107.16.33.5264788","bucket":"-1","time":1553042911154,"group":{"id":"actions","version":"2"},"event":{"count":1,"data":{},"id":"$SelectAll"}}
{"session":"ed5b2c54c923","build":"182.5107.16.33.5264788","bucket":"-1","time":1553042914545,"group":{"id":"actions","version":"2"},"event":{"count":1,"data":{},"id":"EditorCopy"}}
{"session":"ed5b2c54c923","build":"182.5107.16.33.5264788","bucket":"-1","time":1553043495146,"group":{"id":"actions","version":"2"},"event":{"count":1,"data":{},"id":"NewProject"}}
{"session":"ed5b2c54c923","build":"182.5107.16.33.5264788","bucket":"-1","time":1553043495958,"group":{"id":"ui.dialogs","version":"2"},"event":{"count":1,"data":{"type":"show"},"id":"com.android.tools.idea.wizard.model.ModelWizardDialog"}}
{"session":"ed5b2c54c923","build":"182.5107.16.33.5264788","bucket":"-1","time":1553043509833,"group":{"id":"lifecycle","version":"2"},"event":{"count":1,"data":{"durationSeconds":9},"id":"ide.freeze"}}
{"session":"ed5b2c54c923","build":"182.5107.16.33.5264788","bucket":"-1","time":1553043532302,"group":{"id":"actions","version":"2"},"event":{"count":16,"data":{},"id":"EditorBackSpace"}}
{"session":"ed5b2c54c923","build":"182.5107.16.33.5264788","bucket":"-1","time":1553043546631,"group":{"id":"actions","version":"2"},"event":{"count":24,"data":{},"id":"$Undo"}}
{"session":"ed5b2c54c923","build":"182.5107.16.33.5264788","bucket":"-1","time":1553043598853,"group":{"id":"ui.dialogs","version":"2"},"event":{"count":1,"data":{"code":0,"type":"close"},"id":"com.android.tools.idea.wizard.model.ModelWizardDialog"}}
{"session":"ed5b2c54c923","build":"182.5107.16.33.5264788","bucket":"-1","time":1553043599244,"group":{"id":"lifecycle","version":"2"},"event":{"count":1,"data":{},"id":"project.opened"}}
{"session":"ed5b2c54c923","build":"182.5107.16.33.5264788","bucket":"-1","time":1553043599260,"group":{"id":"lifecycle","version":"2"},"event":{"count":1,"data":{"durationSeconds":25},"id":"ide.freeze"}}
{"session":"ed5b2c54c923","build":"182.5107.16.33.5264788","bucket":"-1","time":1553043599666,"group":{"id":"ui.dialogs","version":"2"},"event":{"count":1,"data":{"type":"show"},"id":"com.intellij.openapi.progress.util.ProgressDialog$MyDialogWrapper"}}
{"session":"ed5b2c54c923","build":"182.5107.16.33.5264788","bucket":"-1","time":1553043600370,"group":{"id":"toolwindow","version":"2"},"event":{"count":1,"data":{},"id":"Project_by_Activation"}}
{"session":"ed5b2c54c923","build":"182.5107.16.33.5264788","bucket":"-1","time":1553043600885,"group":{"id":"ui.dialogs","version":"2"},"event":{"count":1,"data":{"code":1,"type":"close"},"id":"com.intellij.openapi.progress.util.ProgressDialog$MyDialogWrapper"}}
{"session":"ed5b2c54c923","build":"182.5107.16.33.5264788","bucket":"-1","time":1553043601010,"group":{"id":"lifecycle","version":"2"},"event":{"count":1,"data":{"time.ms":26381},"id":"project.opening.finished"}}
{"session":"ed5b2c54c923","build":"182.5107.16.33.5264788","bucket":"-1","time":1553043632070,"group":{"id":"toolwindow","version":"2"},"event":{"count":1,"data":{},"id":"Build_by_Activation"}}
{"session":"ed5b2c54c923","build":"182.5107.16.33.5264788","bucket":"-1","time":1553043743157,"group":{"id":"toolwindow","version":"2"},"event":{"count":1,"data":{},"id":"Project_by_Activation"}}
{"session":"ed5b2c54c923","build":"182.5107.16.33.5264788","bucket":"-1","time":1553043835485,"group":{"id":"toolwindow","version":"2"},"event":{"count":1,"data":{},"id":"Project_by_Activation"}}
{"session":"ed5b2c54c923","build":"182.5107.16.33.5264788","bucket":"-1","time":1553043835500,"group":{"id":"trigger","version":"2"},"event":{"count":1,"data":{},"id":"project.view.pane.ProjectPane"}}
{"session":"ed5b2c54c923","build":"182.5107.16.33.5264788","bucket":"-1","time":1553043908970,"group":{"id":"actions","version":"2"},"event":{"count":1,"data":{},"id":"EditorLeft"}}
{"session":"ed5b2c54c923","build":"182.5107.16.33.5264788","bucket":"-1","time":1553043909641,"group":{"id":"actions","version":"2"},"event":{"count":1,"data":{},"id":"EditorRight"}}
{"session":"ed5b2c54c923","build":"182.5107.16.33.5264788","bucket":"-1","time":1553043910298,"group":{"id":"actions","version":"2"},"event":{"count":12,"data":{},"id":"EditorBackSpace"}}
{"session":"ed5b2c54c923","build":"182.5107.16.33.5264788","bucket":"-1","time":1553043918095,"group":{"id":"actions","version":"2"},"event":{"count":2,"data":{},"id":"EditorRight"}}
{"session":"ed5b2c54c923","build":"182.5107.16.33.5264788","bucket":"-1","time":1553043919188,"group":{"id":"actions","version":"2"},"event":{"count":1,"data":{},"id":"EditorLeft"}}
{"session":"ed5b2c54c923","build":"182.5107.16.33.5264788","bucket":"-1","time":1553043920470,"group":{"id":"actions","version":"2"},"event":{"count":1,"data":{},"id":"EditorEnter"}}
{"session":"ed5b2c54c923","build":"182.5107.16.33.5264788","bucket":"-1","time":1553043928595,"group":{"id":"actions","version":"2"},"event":{"count":10,"data":{},"id":"EditorBackSpace"}}
{"session":"ed5b2c54c923","build":"182.5107.16.33.5264788","bucket":"-1","time":1553043936220,"group":{"id":"actions","version":"2"},"event":{"count":8,"data":{},"id":"EditorLeft"}}
{"session":"ed5b2c54c923","build":"182.5107.16.33.5264788","bucket":"-1","time":1553043941407,"group":{"id":"actions","version":"2"},"event":{"count":4,"data":{},"id":"EditorRight"}}
{"session":"ed5b2c54c923","build":"182.5107.16.33.5264788","bucket":"-1","time":1553043942657,"group":{"id":"actions","version":"2"},"event":{"count":1,"data":{},"id":"EditorBackSpace"}}
{"session":"ed5b2c54c923","build":"182.5107.16.33.5264788","bucket":"-1","time":1553043945736,"group":{"id":"actions","version":"2"},"event":{"count":1,"data":{},"id":"EditorRight"}}
{"session":"ed5b2c54c923","build":"182.5107.16.33.5264788","bucket":"-1","time":1553043946673,"group":{"id":"actions","version":"2"},"event":{"count":1,"data":{},"id":"EditorBackSpace"}}
{"session":"ed5b2c54c923","build":"182.5107.16.33.5264788","bucket":"-1","time":1553043958830,"group":{"id":"actions","version":"2"},"event":{"count":4,"data":{},"id":"EditorLeft"}}
{"session":"ed5b2c54c923","build":"182.5107.16.33.5264788","bucket":"-1","time":1553043961251,"group":{"id":"actions","version":"2"},"event":{"count":4,"data":{},"id":"EditorRight"}}
{"session":"ed5b2c54c923","build":"182.5107.16.33.5264788","bucket":"-1","time":1553043973111,"group":{"id":"actions","version":"2"},"event":{"count":2,"data":{},"id":"EditorBackSpace"}}
{"session":"ed5b2c54c923","build":"182.5107.16.33.5264788","bucket":"-1","time":1553043986689,"group":{"id":"actions","version":"2"},"event":{"count":1,"data":{},"id":"Android.RunAndroidSdkManager"}}
{"session":"ed5b2c54c923","build":"182.5107.16.33.5264788","bucket":"-1","time":1553043988158,"group":{"id":"ui.dialogs","version":"2"},"event":{"count":1,"data":{"type":"show"},"id":"com.intellij.openapi.options.newEditor.SettingsDialog"}}
{"session":"ed5b2c54c923","build":"182.5107.16.33.5264788","bucket":"-1","time":1553043988642,"group":{"id":"ui.settings","version":"2"},"event":{"count":1,"data":{"type":"select"},"id":"ide.settings.Android_SDK"}}
{"session":"ed5b2c54c923","build":"182.5107.16.33.5264788","bucket":"-1","time":1553043998063,"group":{"id":"ui.dialogs","version":"2"},"event":{"count":1,"data":{"code":0,"type":"close"},"id":"com.intellij.openapi.options.newEditor.SettingsDialog"}}
